03/18 16:49:31.056 STARTUP> Version=1.01
03/18 16:49:32.141 > SOURCE: Listening on port 11300...
03/18 16:49:46.142 > SOURCE: ClientConnect - 127.0.0.1
03/18 17:00:10.275 > CON: 59803000 Connected, Channel=9, Session=106, Reason=M, Release=0101 [16082CT25267309]
03/18 17:00:10.306 > REQ: 59803000 Setup Prog=1,121 Parm=1,1 Checksums=3E32H,B075H,10
03/18 17:00:10.306 > RSP: 59803000 SetDateTime
03/18 17:00:10.306 > RSP: 59803000 Parameter ConnectSetup
03/18 17:00:10.306 > RSP: 59803000 ControlSetup
03/18 17:00:10.904 > REQ: 59803000 SetupACK, Control 7041H
03/18 17:00:10.904 > REQ: 59803000 SetupACK, Connect0 9F06H
03/18 17:00:10.904 > RSP: 59803000 Transaction ConnectSetup 1
03/18 17:00:11.541 > REQ: 59803000 SetupACK, Connect1 7EE4H
03/18 17:00:11.541 > RSP: 59803000 Transaction ConnectSetup 2
03/18 17:00:12.072 > REQ: 59803000 SetupACK, Connect2 AB74H
03/18 17:00:12.072 > RSP: 59803000 Transaction ConnectSetup 3
03/18 17:00:12.431 > REQ: 59803000 SetupACK, Connect3 84D2H
03/18 17:00:12.431 > RSP: 59803000 Transaction ConnectSetup 4
03/18 17:00:12.744 > REQ: 59803000 SetupACK, Connect4 F654H
03/18 17:00:12.744 > RSP: 59803000 Transaction ConnectSetup 5
03/18 17:00:13.291 > REQ: 59803000 SetupACK, Connect5 6167H
03/18 17:00:13.291 > RSP: 59803000 Transaction ConnectSetup 6
03/18 17:00:13.994 > REQ: 59803000 SetupACK, Connect6 D807H
03/18 17:00:13.994 > RSP: 59803000 Transaction ConnectSetup 7
03/18 17:00:14.291 > REQ: 59803000 SetupACK, Connect7 C64BH
03/18 17:00:14.291 > RSP: 59803000 Transaction ConnectSetup 8
03/18 17:00:14.634 > REQ: 59803000 SetupACK, Connect8 DF61H
03/18 17:00:14.634 > RSP: 59803000 Transaction ConnectSetup 9
03/18 17:00:14.947 > REQ: 59803000 SetupACK, Connect9 3088H
03/18 17:00:14.947 > RSP: 59803000 Transaction ConnectSetup 10
03/18 17:00:15.416 > REQ: 59803000 SetupACK, Connect10 1139H
03/18 17:00:15.416 > RSP: 59803000 Transaction ConnectSetup 11
03/18 17:00:16.338 > REQ: 59803000 SetupACK, Connect11 E5CAH
03/18 17:00:16.338 > RSP: 59803000 Transaction ConnectSetup 12
03/18 17:00:16.947 > REQ: 59803000 SetupACK, Connect12 091EH
03/18 17:00:17.306 > REQ: 59803000 SetupACK, Terminal 3E32H
03/18 17:00:17.322 >   BIN: Slot=0001 Bin=679999FFFFFFFFFFFFFF Len=6 Att=0 (0002,0002,1100,0031)
03/18 17:00:17.322 >   BIN: Slot=0002 Bin=637483FFFFFFFFFFFFFF Len=6 Att=0 (0002,0008,1000,0030)
03/18 17:00:17.322 >   BIN: Slot=0003 Bin=636927FFFFFFFFFFFFFF Len=6 Att=0 (0001,0006,1100,0030)
03/18 17:00:17.322 >   BIN: Slot=0004 Bin=628026FFFFFFFFFFFFFF Len=6 Att=0 (0001,0007,1100,0030)
03/18 17:00:17.322 >   BIN: Slot=0005 Bin=603199FFFFFFFFFFFFFF Len=6 Att=0 (0001,0009,1100,0030)
03/18 17:00:17.322 >   BIN: Slot=0006 Bin=601933FFFFFFFFFFFFFF Len=6 Att=0 (0001,0006,1100,0030)
03/18 17:00:17.322 >   BIN: Slot=0007 Bin=601828FFFFFFFFFFFFFF Len=6 Att=0 (0001,0004,1100,0010)
03/18 17:00:17.322 >   BIN: Slot=0008 Bin=589892FFFFFFFFFFFFFF Len=6 Att=0 (0001,0003,1301,0030)
03/18 17:00:17.322 >   BIN: Slot=0009 Bin=589657255FFFFFFFFFFF Len=9 Att=0 (0002,0005,1000,0010)
03/18 17:00:17.322 >   BIN: Slot=0010 Bin=589657256FFFFFFFFFFF Len=9 Att=0 (0002,0005,1000,0010)
03/18 17:00:17.322 >   BIN: Slot=0011 Bin=589657257FFFFFFFFFFF Len=9 Att=0 (0002,0005,1000,0010)
03/18 17:00:17.322 >   BIN: Slot=0012 Bin=589657258FFFFFFFFFFF Len=9 Att=0 (0002,0005,1000,0010)
03/18 17:00:17.322 >   BIN: Slot=0013 Bin=589657259FFFFFFFFFFF Len=9 Att=0 (0002,0005,1000,0010)
03/18 17:00:17.322 >   BIN: Slot=0014 Bin=589657FFFFFFFFFFFFFF Len=6 Att=0 (0001,0005,1100,0010)
03/18 17:00:17.322 >   BIN: Slot=0015 Bin=589107FFFFFFFFFFFFFF Len=6 Att=0 (0002,0003,1301,0030)
03/18 17:00:17.322 >   BIN: Slot=0016 Bin=549576FFFFFFFFFFFFFF Len=6 Att=0 (0001,0003,1301,0030)
03/18 17:00:17.322 >   BIN: Slot=0017 Bin=549571FFFFFFFFFFFFFF Len=6 Att=0 (0001,0003,1301,0030)
03/18 17:00:17.322 >   BIN: Slot=0018 Bin=549564FFFFFFFFFFFFFF Len=6 Att=0 (0001,0003,1301,0030)
03/18 17:00:17.322 >   BIN: Slot=0019 Bin=549530FFFFFFFFFFFFFF Len=6 Att=0 (0001,0003,1301,0030)
03/18 17:00:17.322 >   BIN: Slot=0020 Bin=542991FFFFFFFFFFFFFF Len=6 Att=0 (0001,0003,1301,0031)
03/18 17:00:17.322 >   BIN: Slot=0021 Bin=504736FFFFFFFFFFFFFF Len=6 Att=0 (0000,0011,1100,0010)
03/18 17:00:17.322 > RSP: 59803000 Parameter Ver=2 Blk=1 Size=627 (609)
03/18 17:00:17.779 > REQ: 59803000 SetupACK, Parameter block 1 
03/18 17:00:17.779 >   BIN: Slot=0022 Bin=4FFFFFFFFFFFFFFFFFFF Len=1 Att=0 (0000,0001,1100,0033)
03/18 17:00:17.779 >   BIN: Slot=0023 Bin=100383FFFFFFFFFFFFFF Len=6 Att=0 (0000,0002,1102,1133)
03/18 17:00:17.779 >   BIN: Slot=0024 Bin=201282FFFFFFFFFFFFFF Len=6 Att=0 (0000,0002,1102,1133)
03/18 17:00:17.779 >   BIN: Slot=0025 Bin=308FFFFFFFFFFFFFFFFF Len=3 Att=0 (0000,0002,1102,1133)
03/18 17:00:17.779 >   BIN: Slot=0026 Bin=309FFFFFFFFFFFFFFFFF Len=3 Att=0 (0000,0002,1102,1133)
03/18 17:00:17.779 >   BIN: Slot=0027 Bin=310FFFFFFFFFFFFFFFFF Len=3 Att=0 (0000,0002,1102,1133)
03/18 17:00:17.779 >   BIN: Slot=0028 Bin=311FFFFFFFFFFFFFFFFF Len=3 Att=0 (0000,0002,1102,1133)
03/18 17:00:17.779 >   BIN: Slot=0029 Bin=312FFFFFFFFFFFFFFFFF Len=3 Att=0 (0000,0002,1102,1133)
03/18 17:00:17.779 >   BIN: Slot=0030 Bin=315FFFFFFFFFFFFFFFFF Len=3 Att=0 (0000,0002,1102,1133)
03/18 17:00:17.779 >   BIN: Slot=0031 Bin=333FFFFFFFFFFFFFFFFF Len=3 Att=0 (0000,0002,1102,1133)
03/18 17:00:17.779 >   BIN: Slot=0032 Bin=334FFFFFFFFFFFFFFFFF Len=3 Att=0 (0000,0002,1102,1133)
03/18 17:00:17.779 >   BIN: Slot=0033 Bin=352FFFFFFFFFFFFFFFFF Len=3 Att=0 (0000,0002,1102,1133)
03/18 17:00:17.779 >   BIN: Slot=0034 Bin=358FFFFFFFFFFFFFFFFF Len=3 Att=0 (0000,0002,1102,1133)
03/18 17:00:17.779 >   BIN: Slot=0035 Bin=30FFFFFFFFFFFFFFFFFF Len=2 Att=0 (0000,0002,1102,1133)
03/18 17:00:17.779 >   BIN: Slot=0036 Bin=36FFFFFFFFFFFFFFFFFF Len=2 Att=0 (0000,0002,1102,1133)
03/18 17:00:17.779 >   BIN: Slot=0037 Bin=38FFFFFFFFFFFFFFFFFF Len=2 Att=0 (0000,0002,1102,1133)
03/18 17:00:17.779 >   BIN: Slot=0038 Bin=6011FFFFFFFFFFFFFFFF Len=4 Att=0 (0000,0002,1102,1133)
03/18 17:00:17.779 >   BIN: Slot=0039 Bin=64FFFFFFFFFFFFFFFFFF Len=2 Att=0 (0000,0002,1102,1133)
03/18 17:00:17.779 >   BIN: Slot=0040 Bin=65FFFFFFFFFFFFFFFFFF Len=2 Att=0 (0000,0002,1102,1133)
03/18 17:00:17.779 >   BIN: Slot=0041 Bin=2FFFFFFFFFFFFFFFFFFF Len=1 Att=0 (0000,0002,1102,0133)
03/18 17:00:17.779 >   BIN: Slot=0042 Bin=501063FFFFFFFFFFFFFF Len=6 Att=0 (0002,0002,1102,1133)
03/18 17:00:17.779 > RSP: 59803000 Parameter Ver=2 Blk=2 Size=627 (609)
03/18 17:00:18.171 > REQ: 59803000 SetupACK, Parameter block 2 
03/18 17:00:18.171 >   BIN: Slot=0043 Bin=501073FFFFFFFFFFFFFF Len=6 Att=0 (0002,0002,1102,0133)
03/18 17:00:18.171 >   BIN: Slot=0044 Bin=5FFFFFFFFFFFFFFFFFFF Len=1 Att=0 (0000,0002,1102,1131)
03/18 17:00:18.171 >   BIN: Slot=0045 Bin=3FFFFFFFFFFFFFFFFFFF Len=1 Att=0 (0001,0010,1120,0030)
03/18 17:00:18.171 >   BIN: Slot=0046 Bin=80270FFFFFFFFFFFFFFF Len=5 Att=0 (0002,0012,1200,0020)
03/18 17:00:18.171 >   BIN: Slot=0047 Bin=606072FFFFFFFFFFFFFF Len=6 Att=0 (0000,0002,1102,0133)
03/18 17:00:18.186 >   BIN: Slot=0048 Bin=603FFFFFFFFFFFFFFFFF Len=3 Att=0 (0001,0005,1100,0010)
03/18 17:00:18.186 >   BIN: Slot=0049 Bin=604FFFFFFFFFFFFFFFFF Len=3 Att=0 (0001,0005,1100,0010)
03/18 17:00:18.186 > RSP: 59803000 Parameter Ver=2 Blk=3 Size=221 (203)
03/18 17:00:18.780 > REQ: 59803000 SetupACK, Parameter block 3 
03/18 17:00:18.780 > RSP: 59803000 Parameter Ver=2 Blk=4 Size=18 Done
03/18 17:00:19.327 > REQ: 59803000 SetupACK, Parameter block 4 
03/18 17:00:19.358 >   PRG: ID=0, |V=220|N=Pagos|C=1|R=1|M=9|S=85|I=300|O=350|P=400|F=450|T=5|L=1900|K=1800|
03/18 17:00:19.358 >   PRG: ID=1, %INNL=8; %INAL=15; %LERR=-4321; N9=0; N24=0;
03/18 17:00:19.358 >   PRG: ID=2, %APNL="vpnreso.movistar.com.uy|reso.vpnantel|gprs.ancel|igprs.claro.com.uy";
03/18 17:00:19.358 >   PRG: ID=3, %DLL="POS2000DLL"; $TMX(999,999999,9999); $HCK();
03/18 17:00:19.358 >   PRG: ID=4, %IDLT=1; %IDLM="IDLELOGO.BMP"; :26;
03/18 17:00:19.358 >   PRG: ID=5, N99==1:1035; N97=%CCF16; N97=N97*60; $PAR():023; $BUZ(5); N99=1; %ITO=3; $INK("    RESONET\n\nCONEXION PROBADA\n       OK"); %ITO=60;
03/18 17:00:19.358 >   PRG: ID=6, A4=%TCF4; $FPF(A4,2); A9=%FPFV;
03/18 17:00:19.358 >   PRG: ID=7, A9==0:0; $FLR():97;
03/18 17:00:19.358 >   PRG: ID=8, F2=="VISANET ACTIVADO":0; :90;
03/18 17:00:19.358 > RSP: 59803000 Program ID=1 Ver=228 Blk=1 (590)
03/18 17:00:19.977 > REQ: 59803000 SetupACK, Program block 1 
03/18 17:00:19.977 >   PRG: ID=9, %TCF16=="":+1; $MNU("MENU RESONET"|"Agente RESONET",:1400|"Ventas comercio",:+1):0;
03/18 17:00:19.977 >   PRG: ID=10, %CCF20>0:+1; $MNU("MENU PRINCIPAL"|[%15]|[%19]):0; :14;
03/18 17:00:19.977 >   PRG: ID=11, %CCF20>1:+1; $MNU("MENU PRINCIPAL"|[%15]|[%16]|[%19]):0; :14;
03/18 17:00:19.977 >   PRG: ID=12, %CCF20>2:+1; $MNU("MENU PRINCIPAL"|[%15]|[%17]|[%19]):0; :14;
03/18 17:00:19.977 >   PRG: ID=13, $MNU("MENU PRINCIPAL"|[%15]|[%18]|[%19]):0;
03/18 17:00:19.977 >   PRG: ID=14, N9=%NMNU; A9=%AMNU; A10=""; N9==1:1800; N9==4:1799; N9==2:100; N9==3:1910; N9==5:1797; N9==7:1796; :101;
03/18 17:00:19.977 >   PRG: ID=15, "Venta",1|"Venta Offline",2|"Anulación",3|"Devolución",4|"Preautorización",7
03/18 17:00:19.977 >   PRG: ID=16, "Retiro efectivo",6
03/18 17:00:19.977 >   PRG: ID=17, "Venta c/adelanto",5
03/18 17:00:19.977 > RSP: 59803000 Program ID=1 Ver=228 Blk=2 (621)
03/18 17:00:20.566 > REQ: 59803000 SetupACK, Program block 2 
03/18 17:00:20.566 >   PRG: ID=18, "Retiro efectivo",6|"Venta c/adelanto",5
03/18 17:00:20.566 >   PRG: ID=19, "Cierre de lote",:50|"Comercio",:40|"Mantenimiento",:20
03/18 17:00:20.566 >   PRG: ID=20, $MNU("MANTENIMIENTO"|"Inicializar",:22|"Imprimir parámetros",:600|"Imprimir códigos",:1000|"Imprimir conexiones",:620|"Activar V",:90|"Sólo soporte",:21):0; :10;
03/18 17:00:20.566 >   PRG: ID=21, $TMN("25490","254980"); :0;
03/18 17:00:20.566 >   PRG: ID=22, $PAR():023; %TID==11223344:0; :600;
03/18 17:00:20.566 >   PRG: ID=23, $INK("ERROR CONECTANDO", "Cod [%LERR]\n  presione tecla"); :0;
03/18 17:00:20.566 >   PRG: ID=25, $PRL("MAINLOGO.BMP"); :20;
03/18 17:00:20.566 >   PRG: ID=26,  $FLR():+1; F1==1:+2;
03/18 17:00:20.566 >   PRG: ID=27,  $FLC(1); F1=1; $FLW();
03/18 17:00:20.566 >   PRG: ID=28,  $FLR():97; :0;
03/18 17:00:20.566 >   PRG: ID=31, $PRT("\cSYSTEM ERROR\n[%AEXT]\nCode [%LERR]\n\n\n\n"); :[N8];
03/18 17:00:20.566 > RSP: 59803000 Program ID=1 Ver=228 Blk=3 (643)
03/18 17:00:21.005 > REQ: 59803000 SetupACK, Program block 3 
03/18 17:00:21.005 >   PRG: ID=32, $INK("[%AMNU]","[%AEXT]\n  presione tecla"); :[N8];
03/18 17:00:21.005 >   PRG: ID=33, $INK("SYSTEM ERROR", "Code [%LERR]\n  presione tecla"); :0;
03/18 17:00:21.005 >   PRG: ID=34, $INK("ATENCION","Tarjeta no\npermitida"); :0;
03/18 17:00:21.005 >   PRG: ID=35, $INK("Tarjeta de chip,\nfavor insertar\nla tarjeta"); :0;
03/18 17:00:21.005 >   PRG: ID=36, %LERR<>-101:33; $INK("ARCH TRANSACC\nESTA LLENO\nCERRAR LOTE"); :0;
03/18 17:00:21.005 >   PRG: ID=37, $INK(N17,"[A9]","No permitido para esta tarjeta"); :0;
03/18 17:00:21.005 >   PRG: ID=38, $INK("ATENCION","Debe cerrar\nlote primero"); :0;
03/18 17:00:21.005 >   PRG: ID=39, $INK("No detecta chip\nIntente pasar\ntarjeta"); :0;
03/18 17:00:21.005 >   PRG: ID=40, $MNU("COMERCIO"|"Reimp ult ticket",0|"Buscar ticket",1):10; N2=%NMNU;
03/18 17:00:21.005 >   PRG: ID=41, N8=42; N7=40; :80;
03/18 17:00:21.005 > RSP: 59803000 Program ID=1 Ver=228 Blk=4 (629)
03/18 17:00:21.375 > REQ: 59803000 SetupACK, Program block 4 
03/18 17:00:21.375 >   PRG: ID=42, N2==0:45; N2=0; $INN(N2,"REIMP TICKET","Ingrese número\nde ticket:"):40;
03/18 17:00:21.375 >   PRG: ID=43, $CBN(N1); N3=%CBN;
03/18 17:00:21.375 >   PRG: ID=44, $FTL(N1,N3,0,N2,"8|11|12|20|21|24"):46; $CTR(2); :798;
03/18 17:00:21.375 >   PRG: ID=45, $FTL(N1,0,0,0,""):0; $CTR(2); :798;
03/18 17:00:21.375 >   PRG: ID=46, $INK("REIMPRIMIR", "Ticket #[N2]\nno encontrado"):0; :42;
03/18 17:00:21.375 >   PRG: ID=50, $MNU("OPCIONES DE LOTE"|"Cerrar un lote",1|"Imprimir lote anteri",3|"Imprimir detalle",4|"Cerrar todas",5):10; N3=%NMNU;
03/18 17:00:21.375 >   PRG: ID=51, N8=52; N7=50; N3==5:1020; :80;
03/18 17:00:21.375 >   PRG: ID=52, N2=N1+3;
03/18 17:00:21.375 >   PRG: ID=53, A2=%TCF[N2]; $FPF(A2,1); A3=%FPFV; $FPF(A2,2); A4=%FPFV;
03/18 17:00:21.375 >   PRG: ID=54, A5="[%DAT0]\z[%TIM0]\n\h\c[A1]\n\h\c[%TCF1]\n\s[%TCF2]\z[%TCF3]\n\sCOMERCIO:[A4]\n\sTERM:[A3]\n";
03/18 17:00:21.375 > RSP: 59803000 Program ID=1 Ver=228 Blk=5 (655)
03/18 17:00:21.766 > REQ: 59803000 SetupACK, Program block 5 
03/18 17:00:21.766 >   PRG: ID=55, N3==1:60; N3==2:65; N3==3:70; N3==4:75; :10;
03/18 17:00:21.766 >   PRG: ID=60, $BAT(N1); %ONLE==0:+2;
03/18 17:00:21.766 >   PRG: ID=61, $INK("LOTE [%BTNR]", "[%AEXT]"); :50;
03/18 17:00:21.766 >   PRG: ID=62, A3="\n"; %CSRV<>2:+1; A3="\n Batch Upload generado";
03/18 17:00:21.766 >   PRG: ID=63, N1==3:2000; $EXT("Report","F=P","B=[N1]","N=[%BTNR]","R=1","H=[A5]","T=[A3]"); :50;
03/18 17:00:21.766 >   PRG: ID=65, $EXT("Report","F=V","B=[N1]","N=0"); %CEXT>=0:50;
03/18 17:00:21.766 >   PRG: ID=66, $INK("[%AMNU]","[%AEXT]\n  presione tecla"); :50;
03/18 17:00:21.766 >   PRG: ID=70, $EXT("Report","F=F","B=[N1]","N=0","H=[A5]"); %CEXT>0:50; N8=50; :32;
03/18 17:00:21.766 >   PRG: ID=75, $EXT("Report","F=C","B=[N1]","N=0","H=[A5]"); %CEXT>0:50; N8=50; :32;
03/18 17:00:21.766 >   PRG: ID=80, $MNU("ADQUIRENTE"|[%82]|[%83]):[N7];
03/18 17:00:21.766 >   PRG: ID=81, N1=%NMNU; A1=%AMNU; :[N8];
03/18 17:00:21.766 > RSP: 59803000 Program ID=1 Ver=228 Blk=6 (653)
03/18 17:00:22.231 > REQ: 59803000 SetupACK, Program block 6 
03/18 17:00:22.231 >   PRG: ID=82, "Visanet",1|"Fiserv",2|"OCA",3|"Cred.Directos",4|"Cabal",5|"Creditel",6
03/18 17:00:22.231 >   PRG: ID=83, "Passcard",7|"Edenred",8|"Anda",9|"AMEX",10|"Club del Este",11|"MIDES",12
03/18 17:00:22.231 >   PRG: ID=85, $BUZ(10); $INK(" ATENCION", "Por favor\n presione ROJO\n e ingrese monto\n antes de pasar tarjeta"):0; :0;
03/18 17:00:22.231 >   PRG: ID=90, A4=%TCF4; $FPF(A4,1); A8=%FPFV; $FPF(A4,2); A9=%FPFV; A5=%KSN;
03/18 17:00:22.231 >   PRG: ID=91, $EXT("Activate","T=[A8]","M=[A9]","K=[A5]"); %CEXT<0:96; %CEXT>0:+1; F2="VISANET ACTIVADO";
03/18 17:00:22.231 >   PRG: ID=92, $FLW():98; $PRT("[%DAT0]\z[%TIM1]\n\h\cACTIVACION VISANET\n");
03/18 17:00:22.231 >   PRG: ID=93, $PRT("\h\c[%TCF1]\n\c[%TCF2]\n[%TCF3]\nCOMERCIO:[A9]\nTERM:[A8]\z[%AEXT]\n");
03/18 17:00:22.231 > RSP: 59803000 Program ID=1 Ver=228 Blk=7 (623)
03/18 17:00:22.621 > REQ: 59803000 SetupACK, Program block 7 
03/18 17:00:22.638 >   PRG: ID=94, %CEXT==0:+1; $PRT("\n\cERROR COD [%CEXT]\n\n\n\n"); :0;
03/18 17:00:22.638 >   PRG: ID=95, $PRT("\n\cACTIVADO\n\n\n\n\n"); :0;
03/18 17:00:22.638 >   PRG: ID=96, $BUZ(10); $INK("Error comunic: [%CEXT]","[%AEXT]"); :0;
03/18 17:00:22.638 >   PRG: ID=97, $INK("FILE READ","Error"); :0;
03/18 17:00:22.638 >   PRG: ID=98, $INK("FILE WRITE","Error"); :0;
03/18 17:00:22.638 >   PRG: ID=99, %ITO=5; $INK("Tarjeta de chip,\nfavor insertar\nla tarjeta"); %ITO=60; %EPNT==3:0; :101;
03/18 17:00:22.638 >   PRG: ID=100, %INAL=6; A10=""; $INA(A10,"[A9]","Ingrese código\nde autorización:"):10; A10<>"":1798; $INK("ATENCION", "Debe ingresar un\ncódigo de aut."); :+0;
03/18 17:00:22.638 >   PRG: ID=101, %INCP="Ingrese número\nde tarjeta:"; %INCE="Ingrese fecha\nde vencimiento:";
03/18 17:00:22.638 > RSP: 59803000 Program ID=1 Ver=228 Blk=8 (605)
03/18 17:00:22.991 > REQ: 59803000 SetupACK, Program block 8 
03/18 17:00:22.991 >   PRG: ID=102, N1=0; $INC(27,"[A9]","  Pase tarjeta\n        o\n ingrese número"):0;
03/18 17:00:22.991 >   PRG: ID=103, M1=0; %CAMT=0; %PEM<>3:110; %EMVT=1; $EMV(); :0;
03/18 17:00:22.991 >   PRG: ID=104, #BC3.2>0:+1; $TRD(); $INK("Ingreso manual\nno autorizado\npara tarjeta"):0; :0;
03/18 17:00:22.991 >   PRG: ID=105, #BC3.2==2:+2; N9==2:+2; %INNL=3; N2=0; $INN(N2,"INGRESO MANUAL","Ingrese código\nCVV de tarjeta:"):0; %CVV2=N2;
03/18 17:00:22.991 >   PRG: ID=106, N2>99:+1; %CVV2="0[N2]"; N2>9:+1; %CVV2="00[N2]";
03/18 17:00:22.991 >   PRG: ID=107, %INNL=8; #BC4.4==1?$EXP(:108):33; :119;
03/18 17:00:22.991 >   PRG: ID=108, $INK("\nTARJETA VENCIDA\n  presione tecla"); :0;
03/18 17:00:22.991 >   PRG: ID=109, N9=1; M1=0; A9="Venta"; A10=""; %CAMT=0;
03/18 17:00:23.007 > RSP: 59803000 Program ID=1 Ver=228 Blk=9 (573)
03/18 17:00:23.394 > REQ: 59803000 SetupACK, Program block 9 
03/18 17:00:23.394 >   PRG: ID=110, $TRB():36; $BIN(:34):0; #BID=#BC2; #CF10=N1; N1=#BID; $CBN(N1); %CBS>0:38; N2=N1+3; N28=N1+3; N10=0; #CUR=%CCUR; #BID<>8:+1; N2=8;
03/18 17:00:23.394 >   PRG: ID=111, A1=%TCF[N2]; $FPF(A1,1); #TID=%FPFV; $FPF(A1,2); #MID=%FPFV; #MID=="0":34; #ACT=0; #ATH=A10; #CF25="0";
03/18 17:00:23.394 >   PRG: ID=112, A1="???"; #BID<=12?A1=%CCF[#BID]; #PEM<>4:+1; #BID==3:+1; %CATR<2:+1; %CATR>3:+1; :39;
03/18 17:00:23.394 >   PRG: ID=113, #CF1=A1; #PEM==3:+1; #PEM==5:+1; #CRT=#BC1; #BC1<>0:116; #CRT=1; #PEM==1:104; %SVC3==1:+3; #CRT=2; :+3;
03/18 17:00:23.394 >   PRG: ID=114, #CRT=2; $STR(#X4F,"32010"):120; $STR(#X4F,"43060"):120; $STR(#NML,"DEBIT"):120;
03/18 17:00:23.394 > RSP: 59803000 Program ID=1 Ver=228 Blk=10 (564)
03/18 17:00:23.769 > REQ: 59803000 SetupACK, Program block 10 
03/18 17:00:23.769 >   PRG: ID=115, $STR(#NML,"MAESTRO"):120; $STR(#NML,"ELECTRON"):120; $STR(#NML,"PREPAID"):120; #CRT=1; :120;
03/18 17:00:23.769 >   PRG: ID=116, #BC4.3==0:+2; #CRT==2:+2; A14=""; N9==2:+2; N2=0; %INNL=3; $INN(N2,"[A9]","Ingrese código\nCVV de tarjeta:"):0; %CVV2=N2; %INNL=8;
03/18 17:00:23.769 >   PRG: ID=117, N2>99:+1; %CVV2="0[N2]"; N2>9:+1; %CVV2="00[N2]";
03/18 17:00:23.769 >   PRG: ID=118, #BC4.4==1?$EXP(:108):33; N9==6:170; N12=2+#BC3.1; %EPNT<2:+1; %EPNT>3:+1; #BID==10:+1; %SVC1==2:99; %SVC1==6:99;
03/18 17:00:23.769 >   PRG: ID=119, #BC3.1==0:+1; #PEM<>2:+1; #CRT==2:+1; $PVF(#BC3.1,"VALIDAR TARJETA","Ingrese los [N12]\núltimos dígitos:"):150;
03/18 17:00:23.769 > RSP: 59803000 Program ID=1 Ver=228 Blk=11 (557)
03/18 17:00:28.441 > REQ: 59803000 SetupACK, Program block 11 
03/18 17:00:28.441 >   PRG: ID=120, %DBG>0?$INK("DEBUG","%EPNT:[%EPNT]\n%PEM:[%PEM]\n%CAMT:[%CAMT]\nM1:[M1]"); N9==3:130; N9==4:125; A28=%TCF[N28]; $FPF(A28,3); A29=%FPFV; A29=="M":1120;
03/18 17:00:28.441 >   PRG: ID=121, N9<>5:+1; #BC4.1==0:37; #BC4.1==2:37; #TRT=9; A1="COMPRA C/ADELANTO"; :+2;
03/18 17:00:28.441 >   PRG: ID=122, #TRT=0; A1="VENTA"; N9<>2:+1; #CRT==2:+2;
03/18 17:00:28.441 >   PRG: ID=123, M1>0:129; %CCF21==0:129; #BID==12:129; $MNU("MONEDA",1|"Pesos",858|"Dólares",840):0; #CUR=%NMNU; :129;
03/18 17:00:28.441 >   PRG: ID=124, $INK("Esta tarjeta\nno permite\nOFFLINE"):0; :0;
03/18 17:00:28.441 >   PRG: ID=125, A1="DEVOLUCION"; #BC4.2==2:+1; #BC4.2==3:+1; $INK("Esta tarjeta\nno permite\nDEVOLUCIONES"):0; :0;
03/18 17:00:28.441 > RSP: 59803000 Program ID=1 Ver=228 Blk=12 (585)
03/18 17:00:28.801 > REQ: 59803000 SetupACK, Program block 12 
03/18 17:00:28.801 >   PRG: ID=126, #TRT=20; N1=0; $INN(N1,"DEVOLUCION","Ingrese número\nticket original:"):0;
03/18 17:00:28.801 >   PRG: ID=127, #CF10="[N1]"; %INDM=2; $IND(#PRD,"DEVOLUCION","Ingrese fecha\nticket original:"):125;
03/18 17:00:28.801 >   PRG: ID=128, M1>0:+1; %CCF21==0:140; $MNU("MONEDA",1|"Pesos",858|"Dólares",840):0; #CUR=%NMNU;
03/18 17:00:28.801 >   PRG: ID=129, #BID<>5:140; #CUR<>840:140; #MID=%TCF19; :140;
03/18 17:00:28.801 >   PRG: ID=130, A1="ANULACION"; N1=#CF10; N2=#BID; $CBN(N2); #BAT=%CBN;
03/18 17:00:28.801 >   PRG: ID=131, $FTL(#BID,#BAT,0,N1,"8|11|20|21|24"):134; @APV<1:133; @FLM>0:133; #TRT=2; @TRT==0:132; @TRT==31:132; #TRT=22; @TRT==20:132; #TRT=21; @TRT==9:132; #TRT=14; @TRT<>1:133;
03/18 17:00:28.801 > RSP: 59803000 Program ID=1 Ver=228 Blk=13 (580)
03/18 17:00:29.222 > REQ: 59803000 SetupACK, Program block 13 
03/18 17:00:29.222 >   PRG: ID=132, A22=@PAN; A23=#PAN; A22<>A23:135; @CMP==8:136; @CMP==11:136; @CMP==20:136; @CMP==21:136; @CMP==24:136;
03/18 17:00:29.222 >   PRG: ID=133, $INK("ANULACION", "No es posible\nanular #[N1]\n"):0; :130;
03/18 17:00:29.222 >   PRG: ID=134, %LERR<0:33; $INK("ANULACION", "Ticket #[N1]\n no encontrado"):0; :130;
03/18 17:00:29.222 >   PRG: ID=135, $INK("ANULACION", "Ticket #[N1]\ncon tarjeta\ndiferente"):0; :0;
03/18 17:00:29.222 >   PRG: ID=136, A2="$"; @CUR==858:+1; A2="U$S"; #BID<>5:+1; @CUR<>840:+1; #MID=%TCF19;
03/18 17:00:29.222 >   PRG: ID=137, #PNX=%TNDX; #BID<>5:+1; @CUR<>840:+1; #MID=%TCF19;
03/18 17:00:29.222 >   PRG: ID=138, #AMT=@AMT;#AMW=@AMW;#AMC=@AMC;#AM1=@AM1;#AM2=@AM2;#REF=@REF;#CUR=@CUR;#PRD=@DAT;#PRT=@TIM;#CF11=@CF11;#ACT=@ACT;
03/18 17:00:29.222 > RSP: 59803000 Program ID=1 Ver=228 Blk=14 (608)
03/18 17:00:29.676 > REQ: 59803000 SetupACK, Program block 14 
03/18 17:00:29.676 >   PRG: ID=139, #CF12=@CF12;#CF13=@CF13;#CF14=@CF14;#CF15=@CF15;#CF16=@CF16;#CF17=@CF17;#CF18=@CF18;A44=@CF21;#CF25=@CF25;$CPY(A44,15,2); #CF21=%CPYV;  :1098;
03/18 17:00:29.676 >   PRG: ID=140, N6=0; #CF12="0"; #CF13="0"; #CF11="$"; A2="Pesos"; #BID<>5:+1; #CUR<>840:+1; #MID=%TCF19;
03/18 17:00:29.676 >   PRG: ID=141, M1>0:149; #CUR==858:142; #CF11="US$"; A2="Dólares";
03/18 17:00:29.676 >   PRG: ID=142, M1=0; #BID==12:160; $INM(M1,"[A9]","Ingrese monto\n[A2]:"):0; M1==0:142; #AMT=M1; #TRT==9:+2;
03/18 17:00:29.676 >   PRG: ID=143, #TRT==9:+1; %CCF19==0:145; M2=0; $INM(M2,"[A1]","Ingrese propina\n[A2]:"); #AMW=M2; #AMT=#AMT+#AMW; :145;
03/18 17:00:29.676 >   PRG: ID=144, %CCF20==0:145; M3=0; $INM(M3,"[A1]","Ingrese monto\nadelanto [A2]:"):0; #AMC=M3; #AMT=#AMT+#AMC;
03/18 17:00:29.676 > RSP: 59803000 Program ID=1 Ver=228 Blk=15 (648)
03/18 17:00:30.144 > REQ: 59803000 SetupACK, Program block 15 
03/18 17:00:30.144 >   PRG: ID=145, N6>0:500; #AM1=#AMT; #AM2=#AMT;
03/18 17:00:30.144 >   PRG: ID=146, %CCF13==0:153; $MNU("TIPO DE CLIENTE?",1|"CONSUMIDOR FINAL",1|"BOLETA CON RUT",0):0; N6=%NMNU; N6==0:153;
03/18 17:00:30.144 >   PRG: ID=147, #CF13=%CCF23; #BIN=="501088"?#CF13=3; #BIN=="501071"?#CF13=3; #BIN=="501074"?#CF13=3; #BIN=="589107"?#CF13=3;
03/18 17:00:30.144 >   PRG: ID=148, M4=M1; M5=M1; M5>20000000:500; M5=100*M1; M7=%CCF13/10; M7=M7+100; M9=M7/2; M8=M5+M9; M5=M8/M7; :500;
03/18 17:00:30.144 >   PRG: ID=149, M1=%CAMT; #AMT=M1; #AMW=0; #AMC=0; #CUR=%CCUR; #CF11=%CSYM; #CUR==858:143; #CF11="US$"; A2="Dólares"; :143;
03/18 17:00:30.144 >   PRG: ID=150, $TRD(); $INK("Últimos dígitos\nno coinciden\n  Presione tecla"):0; :0;
03/18 17:00:30.144 > RSP: 59803000 Program ID=1 Ver=228 Blk=16 (595)
03/18 17:00:30.629 > REQ: 59803000 SetupACK, Program block 16 
03/18 17:00:30.629 >   PRG: ID=152, $INK("ATENCION", "Ingrese valor\nentre 1 y [N2]"); :[N1];
03/18 17:00:30.629 >   PRG: ID=153, N15=1; N16=0; N17=0; N2=%CCF15;  #TRT==9:156; #CRT==2:+3;
03/18 17:00:30.629 >   PRG: ID=154, %CCF15==0:+1; $INN(N15,"[A9]","\nCuotas:\n(máximo [N2])"):0; N15==1:155; N1=154; N15>N2:152; N15<1:152;
03/18 17:00:30.629 >   PRG: ID=155, :+1;
03/18 17:00:30.629 >   PRG: ID=156, #CF15="[N15]"; #CF16="[N16]"; N17=0; N6==0:+1; %CCF17==0:159; %CCF17==1:+1; #BID==3:+1; #CRT<>2:159;
03/18 17:00:30.629 >   PRG: ID=157, %INNL=7; $INN(N17,"[A9]","Ingrese Nro de\nfactura:"):1; %INNL=8;
03/18 17:00:30.629 >   PRG: ID=158, N17>0:+1; $INK("ATENCION", "Debe ingresar un\nNro de factura"); :-1;
03/18 17:00:30.629 >   PRG: ID=159, :1098;
03/18 17:00:30.629 >   PRG: ID=160, $INM(M1,"[A9]","Ingrese monto\nTOTAL\n[A2]:"):0; M1==0:+0;
03/18 17:00:30.629 > RSP: 59803000 Program ID=1 Ver=228 Blk=17 (616)
03/18 17:00:31.127 > REQ: 59803000 SetupACK, Program block 17 
03/18 17:00:31.127 >   PRG: ID=161, M5=100*M1; M7=122; M9=M7/2; M8=M5+M9; M5=M8/M7;
03/18 17:00:31.127 >   PRG: ID=162, #AMT=M5; #AM2=M1-M5; :153;
03/18 17:00:31.127 >   PRG: ID=164, #CF17="[N17]"; #CF18="";  #BID<>1:+1; #CRT==2?#CF15=0;
03/18 17:00:31.127 >   PRG: ID=165, #BC3.3<"2":180; %INNL=18; A18=""; $INN(A18,"[A9]","Ingrese Cédula\nsin dígito\nverificador:"):1; %INNL=8; #CF18=A18;
03/18 17:00:31.127 >   PRG: ID=166, #CF18<"100000":169;
03/18 17:00:31.127 >   PRG: ID=167, #CF18>"9999999":169;
03/18 17:00:31.127 >   PRG: ID=168, #BID<>12:180; $FPF(%TCF15,3); A8=%FPFV; #CF13=A8; :180;
03/18 17:00:31.127 >   PRG: ID=169, $INK("ATENCION", "Cédula no válida\n  presione tecla"); :164;
03/18 17:00:31.127 >   PRG: ID=170, A9="Retiro efectivo"; #CRT<>2:37; #BC4.1<2:37;
03/18 17:00:31.127 >   PRG: ID=171, #TRT=1; %CCF21==0:+1; $MNU("MONEDA",1|"Pesos",858|"Dólares",840):0; #CUR=%NMNU; A2=%AMNU;
03/18 17:00:31.127 > RSP: 59803000 Program ID=1 Ver=228 Blk=18 (641)
03/18 17:00:31.774 > REQ: 59803000 SetupACK, Program block 18 
03/18 17:00:31.774 >   PRG: ID=172, #CUR==858:+1; #CF11="U$S"; :+2;
03/18 17:00:31.774 >   PRG: ID=173, #CF11="$";
03/18 17:00:31.774 >   PRG: ID=174, M1=0; $INM(M1,"[A9]","Ingrese monto\nefectivo [A2]"):0; M1==0:+0; #AMT=M1; #AMC=M1;
03/18 17:00:31.774 >   PRG: ID=175, :180;
03/18 17:00:31.774 >   PRG: ID=180, #PEM==5:206; #EMV==1:190; #CRT<>2:190; #BID==3:+1; #BID<>2:190; %PMSK=1;
03/18 17:00:31.774 >   PRG: ID=181, $CPY(#PAN,1,6); %CPY=="606072":190; %CPY=="505864":190; %CPY=="505865":190;
03/18 17:00:31.774 >   PRG: ID=182, $MNU("TIPO DE CUENTA"|"Caja Ahorros PESOS",10|"C. Corriente PESOS",20|"Caja Ahorros DOLARES",80|"C. Corriente DOLARES",90):0;
03/18 17:00:31.774 >   PRG: ID=183, A14=%AMNU;
03/18 17:00:31.774 >   PRG: ID=184, #ACT=%NMNU; :190;
03/18 17:00:31.774 >   PRG: ID=189, %AREA=3; %PKMM=1; #PEM==5:200; #EMV==0:200; :196;
03/18 17:00:31.774 >   PRG: ID=190, A3="[#PAN]"; $CPY(A3,5,6);
03/18 17:00:31.774 > RSP: 59803000 Program ID=1 Ver=228 Blk=19 (620)
03/18 17:00:32.178 > REQ: 59803000 SetupACK, Program block 19 
03/18 17:00:32.178 >   PRG: ID=191, #CF2="Plan:[#CF12] Cuotas:[#CF15]"; #CF3="";
03/18 17:00:32.178 >   PRG: ID=192, #BID==2:+2; #BID==5:+3; #BID==8:+3; #BID==3:-3;
03/18 17:00:32.178 >   PRG: ID=193, %AREA=1; %PKMM=1; #PEM==5:200; #EMV==0:200; :196;
03/18 17:00:32.178 >   PRG: ID=194, %AREA=2; %PKMM=1; #PEM==5:200; #EMV==0:200; :196;
03/18 17:00:32.178 >   PRG: ID=195, %AREA=5; %PKMM=2; #PEM==5:200; #EMV==0:200; :196;
03/18 17:00:32.178 >   PRG: ID=196, %EMVT=1; N9<=1:+1; N9>=5:+1; %EMVT=2;
03/18 17:00:32.178 >   PRG: ID=197, %PP1="[#CF11] [#AMT]"; %PP2="Ingrese PIN"; #BID==1:+2; $TRS():198; :0;
03/18 17:00:32.178 >   PRG: ID=198, %EMVT=-1; %INK("ATENCION", "Debe cerrar lote"); :0;
03/18 17:00:32.178 >   PRG: ID=199, #CRT==2?#CF15=0; $TRS():198; :0;
03/18 17:00:32.178 >   PRG: ID=200, #CRT<>2:210;
03/18 17:00:32.178 >   PRG: ID=201, A4="[#CF11] [#AMT]"; #BID==1:+1; #BID==2:+2; #BID==5:+3; #BID==8:+3; #BID==3:+4; :210;
03/18 17:00:32.178 > RSP: 59803000 Program ID=1 Ver=228 Blk=20 (643)
03/18 17:00:32.595 > REQ: 59803000 SetupACK, Program block 20 
03/18 17:00:32.595 >   PRG: ID=202, %AREA=1; $DUP("[A4]","Ingrese PIN"):0; #CRT==2?#CF15=0; :220;
03/18 17:00:32.595 >   PRG: ID=203, %AREA=2; $DUP("[A4]","Ingrese PIN"):0; :220;
03/18 17:00:32.595 >   PRG: ID=204, %AREA=5; $MSP("[A4]","Ingrese PIN"):0; :220;
03/18 17:00:32.595 >   PRG: ID=205, %AREA=3; $DUP("[A4]","Ingrese PIN"):0; :220;
03/18 17:00:32.595 >   PRG: ID=206, %CTLS==1:210; %CTLS==5:210; %CTLS==2:210;
03/18 17:00:32.595 >   PRG: ID=207, %CTLS==6:201;
03/18 17:00:32.595 >   PRG: ID=208, :220;
03/18 17:00:32.595 >   PRG: ID=210, N9==3:+2; N9<>2:220; #TRT<>0:220; N6==0:+1;
03/18 17:00:32.595 >   PRG: ID=211, M2=12*#AMT; #AM3=M2/100; #CMP=8; #APV=2; $TRS():33; $TRC(); :800;
03/18 17:00:32.595 >   PRG: ID=212, @APV<>2:220; @CMP<>11:220; @CMP=8; $WTR(); :220;
03/18 17:00:32.595 >   PRG: ID=220, #CMP=1; N9==7?#CMP=4; $TRS():33; $ONL(#BID); %ONLE<0:+1; %ONLE>0:+2; #ARC=="10":+4; #ARC=="87":+4; #ARC<>"00":+3; :+4;
03/18 17:00:32.595 > RSP: 59803000 Program ID=1 Ver=228 Blk=21 (643)
03/18 17:00:33.034 > REQ: 59803000 SetupACK, Program block 21 
03/18 17:00:33.034 >   PRG: ID=221, #RCN=0; $TRD(); $BUZ(10); $INK("Error conex [%ONLE]","[%AEXT]"); :0;
03/18 17:00:33.034 >   PRG: ID=222, $BUZ(10); $INK("Error [%ONLE]","[%AEXT]\nProcesando\nreversa [#TSN]"); #CMP=9; $TRC(); :0;
03/18 17:00:33.034 >   PRG: ID=223, #CMP=23; $TRC(); #APV==0?$BUZ(10); #TRT<>0:800; #ARC=="55":250; :800;
03/18 17:00:33.034 >   PRG: ID=224, #CMP=21; N9==7?#CMP=24; #APV=1; N9==7?#TRT=31; #BID<>3:+1; #BIN<>"589107":+1; #CF25="18083";
03/18 17:00:33.034 >   PRG: ID=225, #BID==12?#AMT=M1; $TRC(); #TRT==2:226; #TRT==14:226; #TRT==21:226; #TRT==22:226; :800;
03/18 17:00:33.034 >   PRG: ID=226, @FLM=#RCN; $WTR(); :800;
03/18 17:00:33.034 >   PRG: ID=250, #PEM>2:800; N10=N10+1; N10>=3:800; $INK(" PIN INCORRECTO\n  Presione OK\n  para volver\n   a intentar"); %INKV<>10:800;
03/18 17:00:33.034 > RSP: 59803000 Program ID=1 Ver=228 Blk=22 (629)
03/18 17:00:33.424 > REQ: 59803000 SetupACK, Program block 22 
03/18 17:00:33.424 >   PRG: ID=251, $CTR(1); $TRB():33; $BIN(:34):0; #BID=#BC2; #MID=@MID; #TID=@TID;
03/18 17:00:33.424 >   PRG: ID=252, #TRT=0; #ACT=@ACT; #CRT=@CRT;
03/18 17:00:33.424 >   PRG: ID=253, #CUR=@CUR; #AMT=@AMT; #AMW=@AMW; #AMC=@AMC; #AM1=@AM1; #AM2=@AM2;
03/18 17:00:33.424 >   PRG: ID=254, #CF20=""; #CF22=""; #CF23=""; #CF24=""; #CF25="0"; #CF1=@CF1;
03/18 17:00:33.424 >   PRG: ID=255, #CF10=@CF10; #CF11=@CF11; #CF12=@CF12; #CF13=@CF13; #CF14=@CF14; #CF15=@CF15; #CF16=@CF16; #CF17=@CF17;
03/18 17:00:33.424 >   PRG: ID=256, :200;
03/18 17:00:33.424 >   PRG: ID=300, %DBG>0?$INK("EMV ENTRYPOINT","%EMVT:[%EMVT]");
03/18 17:00:33.424 >   PRG: ID=301, %EMVT<=0:+1; %EMVT=-2; :110;
03/18 17:00:33.424 >   PRG: ID=302, %EMVT=-2; %CAMT=0; :109;
03/18 17:00:33.424 >   PRG: ID=350, #CMP=1; N9==7?#CMP=4;  $TRS(); $ONL(#BID); :0;
03/18 17:00:33.424 > RSP: 59803000 Program ID=1 Ver=228 Blk=23 (580)
03/18 17:00:33.779 > REQ: 59803000 SetupACK, Program block 23 
03/18 17:00:33.779 >   PRG: ID=400, %EMVK==0:410;  %EMVT<=0:406; %EMVK==1:411; %EMVK==2:412; %EMVK==3:413; %EMVK<>4:404; A1="CANCELADA"; :407;
03/18 17:00:33.779 >   PRG: ID=401, %EMVK<>-1:+1; A1="ERROR TARJETA"; :407;
03/18 17:00:33.779 >   PRG: ID=402, %EMVK<>-2:+1; A1="ERROR PROCESANDO"; :407;
03/18 17:00:33.779 >   PRG: ID=403, %EMVK<>-3:+1; A1="ERROR PROCESANDO"; :407;
03/18 17:00:33.779 >   PRG: ID=404, %EMVK<>-4:+1; A1="SERVICIO NO\nPERMITIDO"; :407;
03/18 17:00:33.779 >   PRG: ID=405, %EMVK<>-5:+1; A1="TARJ BLOQUEADA"; :407;
03/18 17:00:33.779 >   PRG: ID=406, %EMVK<>-6:+1; A1="TARJETA EXTRAIDA\nPRESIONE OK Y\nREINSERTE"; :407;
03/18 17:00:33.779 >   PRG: ID=407, %EMVR==1:+1; $TRD(); :409;
03/18 17:00:33.779 >   PRG: ID=408, #CMP=9; $TRC(1);
03/18 17:00:33.779 >   PRG: ID=409, $INK("EMV RECHAZADA","[A1]"); %INKV<>13:0; $PES(); :0;
03/18 17:00:33.779 >   PRG: ID=410, %EMVR==1:-2; #CMP=23; #APV=0; $TRC(); :800;
03/18 17:00:33.779 > RSP: 59803000 Program ID=1 Ver=228 Blk=24 (641)
03/18 17:00:34.182 > REQ: 59803000 SetupACK, Program block 24 
03/18 17:00:34.182 >   PRG: ID=411, %EMVT=-1; :210;
03/18 17:00:34.182 >   PRG: ID=412, #CMP=8; #APV=2; $TRC(); :800;
03/18 17:00:34.182 >   PRG: ID=413, #CMP=21; N9==7?#CMP=24; #APV=1; N9==7?#TRT=31; $TRC(); :800;
03/18 17:00:34.182 >   PRG: ID=450, $INC(8,"Alternativa","Pase tarjeta\npor banda"):0; N9=1; A9="Venta"; :110;
03/18 17:00:34.182 >   PRG: ID=500, :+1
03/18 17:00:34.182 >   PRG: ID=501, %CCF14==0:522; %CCF14==1:+1; #BIN=="802701":+1; #CRT<>2:522;
03/18 17:00:34.182 >   PRG: ID=502, $MNU("CONFIRMAR IMPORTES",1|"Aceptar",:520|"Venta  [#CF11][M1]",:142|"Factura [#CF11][M4]",:510|"Gravado [#CF11][M5]",:515); :0;
03/18 17:00:34.182 >   PRG: ID=510, $INM(M4,"[A9]","Ingrese importe\nde factura:"); :502;
03/18 17:00:34.182 >   PRG: ID=515, $INM(M5,"[A9]","Ingrese importe\ngravado:"); :502;
03/18 17:00:34.182 > RSP: 59803000 Program ID=1 Ver=228 Blk=25 (571)
03/18 17:00:34.770 > REQ: 59803000 SetupACK, Program block 25 
03/18 17:00:34.770 >   PRG: ID=520, M4>=M1:+1; $INK("ATENCION", "Importe factura\nno puede ser\ninferior a\n[M1]"); N8=3; :502;
03/18 17:00:34.770 >   PRG: ID=521, M5<=M1:+1; $INK("ATENCION", "Importe gravado\nno puede ser\nmayor a\n[M1]"); N8=4; :502;
03/18 17:00:34.770 >   PRG: ID=522, #AM1=M5; #AM2=M4; :153;
03/18 17:00:34.770 >   PRG: ID=600, $PRL("MAINLOGO.bmp"); $PRT("20[%DAT1]\z[%TIM1]\n\h\cTERMINAL INICIALIZADA\n");
03/18 17:00:34.770 >   PRG: ID=601, $PRT("Modelo: [%MDL]\n");
03/18 17:00:34.770 >   PRG: ID=602, $PRT("N/S: [%SNR]\n");
03/18 17:00:34.770 >   PRG: ID=603, $PRT("ID Terminal: [%TID]\n");
03/18 17:00:34.770 >   PRG: ID=604, $PRT("Programa: [%ANR]-[%CVN]\n");
03/18 17:00:34.770 >   PRG: ID=605, $PRT("Func: [%PRV] ([%AVN])\n");
03/18 17:00:34.770 >   PRG: ID=606, $PRT("Parametros: [%PAV]\n");
03/18 17:00:34.770 >   PRG: ID=607, $PRT("Ultima actualizacion:\n  [%LPU]\n");
03/18 17:00:34.770 >   PRG: ID=608, $PRT("\n\n\n\n"); :0;
03/18 17:00:34.770 > RSP: 59803000 Program ID=1 Ver=228 Blk=26 (641)
03/18 17:00:35.346 > REQ: 59803000 SetupACK, Program block 26 
03/18 17:00:35.346 >   PRG: ID=620, $PRT("20[%DAT1]\z[%TIM1]\n\h\cCONFIG CONEX\n");
03/18 17:00:35.346 >   PRG: ID=621, $PCS(0,"PARAMETROS"); N1=0;
03/18 17:00:35.346 >   PRG: ID=622, N1=N1+1; N1>12:625;
03/18 17:00:35.346 >   PRG: ID=623, A1=%CCF[N1];
03/18 17:00:35.346 >   PRG: ID=624, $PCS(N1,A1); %LERR==1:622;
03/18 17:00:35.346 >   PRG: ID=625, $PRT("\n\n\n\n"); :0;
03/18 17:00:35.346 >   PRG: ID=798, N11=2; #APV<=0:+1; $INK("Reimprimir copia\n   comercio?"); %INKV<>11:+1; N11=4;
03/18 17:00:35.346 >   PRG: ID=799, N11==4:+2; $PRT(" * D U P L I C A D O *\n"); :801;
03/18 17:00:35.346 >   PRG: ID=800, N11=1;
03/18 17:00:35.346 >   PRG: ID=801, N11==4?$PRT(" * D U P L I C A D O *\n"); A7="MANUAL"; #PEM==1:+1; A7="CHIP"; #PEM==3:+1; A7="FALLBACK"; #PEM==4:+1; A7="BANDA"; #PEM==2:+1; A7="CTLESS";
03/18 17:00:35.346 >   PRG: ID=802, N20=#FLM; A20=""; A21="-";
03/18 17:00:35.346 > RSP: 59803000 Program ID=1 Ver=228 Blk=27 (582)
03/18 17:00:35.754 > REQ: 59803000 SetupACK, Program block 27 
03/18 17:00:35.754 >   PRG: ID=803, N20<>0?$PRT("CUPON ANULADO TKT #[N20]\n\n"); #TRT==2:+1; #TRT==21:+1; #TRT==20:+2; #TRT==9:+5; #TRT==1:+5; #TRT==22:+6; #TRT==14:+1; :+3;
03/18 17:00:35.754 >   PRG: ID=804, A20="-"; A21=""; A6="ANULACION"; :810;
03/18 17:00:35.754 >   PRG: ID=805, A20="-"; A21=""; A6="DEVOLUCION"; :810;
03/18 17:00:35.754 >   PRG: ID=806, #APV<>2:+1; A6="OFFLINE"; :810;
03/18 17:00:35.754 >   PRG: ID=807, A6="ONLINE"; :810;
03/18 17:00:35.754 >   PRG: ID=808, A6="ADELANTO"; :810;
03/18 17:00:35.754 >   PRG: ID=809, A6="ANUL DEVOL"; :810;
03/18 17:00:35.754 >   PRG: ID=810, $CVD(6,#DAT); A2=%CVD; $CVD(5,#DAT); A3=%CVD; $CVD(4,#DAT); A4=%CVD; $CVT(2,#TIM);
03/18 17:00:35.754 >   PRG: ID=811, A5="CREDITO"; #CRT<>2:+1; A5="DEBITO";
03/18 17:00:35.754 >   PRG: ID=812, :1300;
03/18 17:00:35.754 >   PRG: ID=813, #BID<>3:+1; #MID="OCA";
03/18 17:00:35.754 >   PRG: ID=814, $PRT("\s[A2]/[A3]/[A4]\z[%CVT]\n\c[A13]\n");
03/18 17:00:35.754 >   PRG: ID=815, $PRT("\c[A5] [A6]\n");
03/18 17:00:35.754 > RSP: 59803000 Program ID=1 Ver=228 Blk=28 (655)
03/18 17:00:36.234 > REQ: 59803000 SetupACK, Program block 28 
03/18 17:00:36.234 >   PRG: ID=816, $PRT("\h\c[%TCF1]\n\s[%TCF2]\z[%TCF3]\n\sCOMERCIO:[#MID]\zTERM:[#TID]\n");
03/18 17:00:36.234 >   PRG: ID=817, $PRT("\sLOTE:[#BAT]\zTICKET:[#RCN]\n");$CVD(0,#PRD);
03/18 17:00:36.234 >   PRG: ID=818, #TRT==2:+1; #TRT==20:+1; #TRT==21:+1; #TRT==22:+1; #TRT==14:+1; :+2;
03/18 17:00:36.234 >   PRG: ID=819, $PRT("\sTICKET ORIG:[#CF10]\zFECHA ORIG:[%CVD]\n");
03/18 17:00:36.234 >   PRG: ID=820, A7=="CHIP":+1; A7=="CTLESS":+1; :+2;
03/18 17:00:36.234 >   PRG: ID=821, $PRT("\sAID:[#X4F]\z[#NML]\n");
03/18 17:00:36.234 >   PRG: ID=822, %PMSK=2; #BID<>2:+1; #CRT<>2:+1; %PMSK=4;
03/18 17:00:36.234 >   PRG: ID=823, $PRT("\sTARJ: [#PAN]  Vto:**/**\z[A7]\n"); #NMT=="":+1; $PRT("\sCUENTA: [#NMT]\z[A14]\n");
03/18 17:00:36.234 >   PRG: ID=824, M2=#AMT; M1=M2-#AMW; M3=M2-#AMC;
03/18 17:00:36.234 >   PRG: ID=825, #TRT==9:+1; #TRT==1:+1; :+2;
03/18 17:00:36.234 > RSP: 59803000 Program ID=1 Ver=228 Blk=29 (611)
03/18 17:00:36.651 > REQ: 59803000 SetupACK, Program block 29 
03/18 17:00:36.651 >   PRG: ID=826, $PRT("\sIMPORTE\z[A20][#CF11] [M3]\n\sADELANTO\z[A20][#CF11] [#AMC]\n"); :+3;
03/18 17:00:36.651 >   PRG: ID=827, %CCF19==0:+1; $PRT("\sIMPORTE\z[A20][#CF11] [M1]\n\sPROPINA\z[A20][#CF11] [#AMW]\n"); :+2;
03/18 17:00:36.651 >   PRG: ID=828, $PRT("\sIMPORTE\z[A20][#CF11] [#AMT]\n");
03/18 17:00:36.651 >   PRG: ID=829, #APV>1:841; #APV>0:840; :830;
03/18 17:00:36.651 >   PRG: ID=830, N1=831; :900;
03/18 17:00:36.651 >   PRG: ID=831, $PRM("\nRECHAZADA: [#ARC]\n[A1]\n\n\n\n\n"); :0;
03/18 17:00:36.651 >   PRG: ID=840, #CF25=="0":+1; M2=M2-#AM3; #AM3==0:+1; $PRT("\sDESCUENTO Ley [#CF25]\z[A21][#CF11] [#AM3]\n");
03/18 17:00:36.651 >   PRG: ID=841, A1="TOTAL A PAGAR"; M2<99999:+2; #CF11=="$":+1;  A1="A PAGAR";
03/18 17:00:36.651 >   PRG: ID=842, M2<9999999:+1;A1="A PAGAR";
03/18 17:00:36.651 >   PRG: ID=843, $PRT("\h[A1]\z[A20][#CF11] [M2]\n"); N2=#CF16*100; N1=N2+#CF15;
03/18 17:00:36.651 > RSP: 59803000 Program ID=1 Ver=228 Blk=30 (652)
03/18 17:00:37.054 > REQ: 59803000 SetupACK, Program block 30 
03/18 17:00:37.054 >   PRG: ID=844, #CF15<=1:+1; N1==0:+1; $PRT("\sPLAN:[#CF12]\zCUOTAS:[N1]\n"); :+2;
03/18 17:00:37.054 >   PRG: ID=845, #CRT<>1:+1; $PRT("\sPLAN:[#CF12]\zCUOTAS:1\n");
03/18 17:00:37.054 >   PRG: ID=846, A1=""; #CF17=="0":+1; #CF17=="":+1; A1="No.FACT:[#CF17]";
03/18 17:00:37.054 >   PRG: ID=847, N9==7:851; $PRT("\sAUTORIZACION:[#ATH]\z[A1]\n"); A61=="":+1; A61=="NINGUNO":+1; $PRT("\sAsociado a mayorista: [A61]\n")
03/18 17:00:37.054 >   PRG: ID=848, #BID<>12:860; $CPY(#CF22,1,5)<>"SALDO":860;
03/18 17:00:37.054 >   PRG: ID=849, #CF22<>""?#CF7=#CF22;
03/18 17:00:37.054 >   PRG: ID=850, #CF22=""; :860;
03/18 17:00:37.054 >   PRG: ID=851, $PRT("\nPREAUTORIZACION:[#ATH]\n"); :848;
03/18 17:00:37.054 >   PRG: ID=860, N11>2:870; #BID<>2:+2; #APV<1:+2; A6<>"OFFLINE":+1; $PRT("\n-- RELIEVE DE TARJETA --\n\n\n\n\n\n\n\n\n\n\n\n\n\n\n\n\n\n\n\n\n\n\n\n\n\n\n\n"); :+2;
03/18 17:00:37.054 > RSP: 59803000 Program ID=1 Ver=228 Blk=31 (657)
03/18 17:00:37.461 > REQ: 59803000 SetupACK, Program block 31 
03/18 17:00:37.461 >   PRG: ID=861, A7<>"MANUAL":+1; $PRT("\n-- RELIEVE DE TARJETA --\n\n\n\n\n\n\n\n\n\n\n\n\n\n\n\n\n\n\n\n\n\n\n\n\n\n\n\n");
03/18 17:00:37.461 >   PRG: ID=862, #CVM==2:+1;#CVM==4:+1;#CVM==6:+1; #CF4=="32":+1; $PRT("\n\nFIRMA: _ _ _ _ _ _ _ _ _\n"); :+2;
03/18 17:00:37.461 >   PRG: ID=863, #BID<>1:+1; #CF4<>"":+1; $PRT("\n\nFIRMA: _ _ _ _ _ _ _ _ _\n");
03/18 17:00:37.461 >   PRG: ID=864, #BC3.3=="0":+4; #BC3.3=="1":+3; #BC3.3=="3":+2;
03/18 17:00:37.461 >   PRG: ID=865, #CF18=="":+3; #CF18=="0":+3;
03/18 17:00:37.461 >   PRG: ID=866, #CF18=="":+1; #CF18=="0":+1; $PRT("DOC:   [#CF18]\n"); :+2;
03/18 17:00:37.461 >   PRG: ID=867, #CRT==2:+1; $PRT("DOC: _ _ _ _ _ _ _ _ _ _\n");
03/18 17:00:37.461 >   PRG: ID=868, #BC3.4==0:870; #BC3.4==2:+1; #CRT==1:+1; :870;
03/18 17:00:37.461 >   PRG: ID=869, $PRT("DOMICILIO: _ _ _ _ _ _ _\n"); :870;
03/18 17:00:37.461 > RSP: 59803000 Program ID=1 Ver=228 Blk=32 (632)
03/18 17:00:37.818 > REQ: 59803000 SetupACK, Program block 32 
03/18 17:00:37.818 >   PRG: ID=870, #CF22=="":+1; #BID==2:894; $PRT("\s\c[#CF22][#CF23][#CF24]\n"); :+2;
03/18 17:00:37.818 >   PRG: ID=871, #CVM<2:+1; #BID<2:+1; $PRT("\s  NO REQUIERE FIRMA NI OTROS DATOS PERSONALES\n");
03/18 17:00:37.818 >   PRG: ID=872, #CF25=="0":+2; $PRT("\s\cAPLICA Ley [#CF25]\n\s\cSin Nro Factura NO devuelve IVA\n");
03/18 17:00:37.818 >   PRG: ID=873, #CF25=="18083":+5; #BID==12:+5; $PRT("\sIMPORTE FACT:\z[#CF11] [#AM2]\n\sIMPORTE GRAV:\z[#CF11] [#AM1]\n"); :+5;
03/18 17:00:37.818 >   PRG: ID=874, :+1;
03/18 17:00:37.818 >   PRG: ID=875, :+1;
03/18 17:00:37.818 >   PRG: ID=876, :+1;
03/18 17:00:37.818 >   PRG: ID=877, $PRT("\s\cNo APLICA Ley\n");
03/18 17:00:37.818 >   PRG: ID=878, #CF4=="32":+1; #CF4=="22":+1; #CF4=="":+1; $PRT("\s\c[#CF4][#CF5][#CF6]\n");
03/18 17:00:37.818 >   PRG: ID=879, N11<3:+2; #CF7=="":+1; #CF4=="22":+1; $PRT("\s\c[#CF7][#CF8][#CF9]\n");
03/18 17:00:37.818 > RSP: 59803000 Program ID=1 Ver=228 Blk=33 (640)
03/18 17:00:38.223 > REQ: 59803000 SetupACK, Program block 33 
03/18 17:00:38.223 >   PRG: ID=880, $PRT("\n\s\c[#NMC]\n\cMUCHAS GRACIAS\n\s\c** COPIA CLIENTE **\n\n\n\n\n"); A61=""; #BID==2:890; :0;
03/18 17:00:38.223 >   PRG: ID=881, #NMC<>"":+1; $PRT("ACLARACION: _ _ _ _ _ _\n");
03/18 17:00:38.223 >   PRG: ID=882, $PRT("\n\s\c[#NMC]\n\s\c** ORIGINAL COMERCIO **\n\n\n\n\n\n");
03/18 17:00:38.223 >   PRG: ID=883, N11<>2:+1; $INK("Reimprimir copia\n    cliente?"); %INKV==11:0; N11=4; :801;
03/18 17:00:38.223 >   PRG: ID=884, $INK("Cortar ticket y\npresionar tecla"); N11=3; :801;
03/18 17:00:38.223 >   PRG: ID=890, #CF4<>"22":0; $INK("\n[#CF22][#CF23][#CF24]\n\n  presione tecla"); :0;
03/18 17:00:38.223 >   PRG: ID=894, #CF4=="22":872; $PRT("\s\c[#CF22][#CF23][#CF24]\n"); :872;
03/18 17:00:38.223 >   PRG: ID=900, A1=#CF22; A2=""; A1==A2:+1; #BID==13:+1; A1="[#CF22][#CF23][#CF24]"; :[N1];
03/18 17:00:38.223 > RSP: 59803000 Program ID=1 Ver=228 Blk=34 (631)
03/18 17:00:38.618 > REQ: 59803000 SetupACK, Program block 34 
03/18 17:00:38.618 >   PRG: ID=901, #ARC<>1:+1; A1="PEDIR AUTORIZACION"; :[N1];
03/18 17:00:38.618 >   PRG: ID=902, #ARC<>2:+1; A1="PEDIR AUTORIZACION"; :[N1];
03/18 17:00:38.618 >   PRG: ID=903, #ARC<>3:+1; A1="COMERCIO INVALIDO"; :[N1];
03/18 17:00:38.618 >   PRG: ID=904, #ARC<>4:+1; A1="RETENER TARJETA"; :[N1];
03/18 17:00:38.618 >   PRG: ID=905, #ARC<>5:+1; A1="DENEGADA"; #TRT<>96:[N1]; A1="PIN YA USADO\nELEGIR PIN DIFERENTE"; :[N1];
03/18 17:00:38.618 >   PRG: ID=906, #ARC<>7:+1; A1="RETENGA Y LLAME"; :[N1];
03/18 17:00:38.618 >   PRG: ID=907, #ARC<>8:+1; A1="APROBADA EMV"; :[N1];
03/18 17:00:38.618 >   PRG: ID=908, #ARC<>10:+1; A1="APROBADO SOLO VENTAS"; :[N1];
03/18 17:00:38.618 >   PRG: ID=909, #ARC<>11:+1; A1="APROBADA"; :[N1];
03/18 17:00:38.618 >   PRG: ID=910, #ARC<>12:+1; A1="TRANSAC. INVALIDA!"; :[N1];
03/18 17:00:38.618 >   PRG: ID=911, #ARC<>13:+1; A1="MONTO INVALIDO"; :[N1];
03/18 17:00:38.618 > RSP: 59803000 Program ID=1 Ver=228 Blk=35 (615)
03/18 17:00:39.069 > REQ: 59803000 SetupACK, Program block 35 
03/18 17:00:39.069 >   PRG: ID=912, #ARC<>14:+1; A1="TARJETA INVALIDA"; :[N1];
03/18 17:00:39.069 >   PRG: ID=913, #ARC<>21:+1; A1="NO EXISTE ORIGINAL"; :[N1];
03/18 17:00:39.069 >   PRG: ID=914, #ARC<>25:+1; A1="NO EXISTE ORIGINAL"; :[N1];
03/18 17:00:39.069 >   PRG: ID=915, #ARC<>30:+1; A1="ERROR EN FORMATO"; :[N1];
03/18 17:00:39.069 >   PRG: ID=916, #ARC<>38:+1; A1="EXCEDE ING. DE PIN"; :[N1];
03/18 17:00:39.069 >   PRG: ID=917, #ARC<>41:+1; A1="PERDIDA, RETENER"; :[N1];
03/18 17:00:39.069 >   PRG: ID=918, #ARC<>43:+1; A1="ROBADA, RETENER"; :[N1];
03/18 17:00:39.069 >   PRG: ID=919, #ARC<>45:+1; A1="NO OPERA EN CUOTAS"; :[N1];
03/18 17:00:39.069 >   PRG: ID=920, #ARC<>46:+1; A1="TARJETA NO VIGENTE"; :[N1];
03/18 17:00:39.069 >   PRG: ID=921, #ARC<>47:+1; A1="PIN REQUERIDO"; :[N1];
03/18 17:00:39.069 >   PRG: ID=922, #ARC<>48:+1; A1="EXCEDE MAX. CUOTAS"; :[N1];
03/18 17:00:39.069 >   PRG: ID=923, #ARC<>49:+1; A1="ERROR FECHA VENCIM"; :[N1];
03/18 17:00:39.069 > RSP: 59803000 Program ID=1 Ver=228 Blk=36 (640)
03/18 17:00:39.517 > REQ: 59803000 SetupACK, Program block 36 
03/18 17:00:39.517 >   PRG: ID=924, #ARC<>50:+1; A1="ENTREGA SUPERA LIM"; :[N1];
03/18 17:00:39.517 >   PRG: ID=925, #ARC<>51:+1; A1="SALDO INSUFICIENTE"; :[N1];
03/18 17:00:39.517 >   PRG: ID=926, #ARC<>53:+1; A1="CUENTA INEXISTENTE"; :[N1];
03/18 17:00:39.517 >   PRG: ID=927, #ARC<>54:+1; A1="TARJETA VENCIDA"; :[N1];
03/18 17:00:39.517 >   PRG: ID=928, #ARC<>55:+1; A1="PIN INCORRECTO"; :[N1];
03/18 17:00:39.517 >   PRG: ID=929, #ARC<>56:+1; A1="TARJ NO HABILITADA"; :[N1];
03/18 17:00:39.517 >   PRG: ID=930, #ARC<>57:+1; A1="TRANS NO PERMITIDA"; :[N1];
03/18 17:00:39.517 >   PRG: ID=931, #ARC<>58:+1; A1="SERVICIO INVALIDO"; :[N1];
03/18 17:00:39.517 >   PRG: ID=932, #ARC<>61:+1; A1="EXCEDE MONTO LIMIT"; :[N1];
03/18 17:00:39.517 >   PRG: ID=933, #ARC<>65:+1; A1="EXCEDE LIM. TARJETA"; :[N1];
03/18 17:00:39.517 >   PRG: ID=934, #ARC<>76:+1; A1="LLAMAR AL EMISOR"; :[N1];
03/18 17:00:39.517 >   PRG: ID=935, #ARC<>85:+1; A1="APROBADA"; :[N1];
03/18 17:00:39.517 > RSP: 59803000 Program ID=1 Ver=228 Blk=37 (635)
03/18 17:00:39.944 > REQ: 59803000 SetupACK, Program block 37 
03/18 17:00:39.944 >   PRG: ID=936, #ARC<>87:+1; A1="APROBADA SOLO VENTAS"; :[N1];
03/18 17:00:39.944 >   PRG: ID=937, #ARC<>89:+1; A1="TERMINAL INVALIDA"; :[N1];
03/18 17:00:39.944 >   PRG: ID=938, #ARC<>91:+1; A1="EMISOR NO RESPONDE"; :[N1];
03/18 17:00:39.944 >   PRG: ID=939, #ARC<>94:+1; A1="NRO. SEC. DUPLICADO"; :[N1];
03/18 17:00:39.944 >   PRG: ID=940, #ARC<>95:+1; A1="RE-TRANSMITIENDO"; :[N1];
03/18 17:00:39.944 >   PRG: ID=941, #ARC<>96:+1; A1="ERROR EN SISTEMA"; :[N1];
03/18 17:00:39.944 >   PRG: ID=942, #ARC<>16:+1; A1="CEDULA INCORRECTA"; :[N1];
03/18 17:00:39.944 >   PRG: ID=943, #ARC<>33:+1; A1="TARJETA VENCIDA"; :[N1];
03/18 17:00:39.944 >   PRG: ID=944, #ARC<>36:+1; A1="USO NO AUTORIZ."; :[N1];
03/18 17:00:39.944 >   PRG: ID=945, #ARC<>62:+1; A1="USO NO AUTORIZ."; :[N1];
03/18 17:00:39.944 >   PRG: ID=946, #ARC<>75:+1; A1="EXCEDE MAX. PIN\nERRONEOS"; :[N1];
03/18 17:00:39.944 >   PRG: ID=947, #ARC<>78:+1; A1="DEBE CAMBIAR PIN"; :[N1];
03/18 17:00:39.944 > RSP: 59803000 Program ID=1 Ver=228 Blk=38 (647)
03/18 17:00:40.564 > REQ: 59803000 SetupACK, Program block 38 
03/18 17:00:40.564 >   PRG: ID=948, #ARC<>88:+1; A1="ERROR SISTEMA"; :[N1];
03/18 17:00:40.564 >   PRG: ID=949, #ARC<>92:+1; A1="ERROR RUTEO"; :[N1];
03/18 17:00:40.564 >   PRG: ID=950, A1="RECHAZADA: [#ARC]"; :[N1];
03/18 17:00:40.564 >   PRG: ID=1000, $PRT("20[%DAT1]\z[%TIM1]\n\h\cINFORME CODIGOS [%TID]\n");
03/18 17:00:40.564 >   PRG: ID=1001, $PRT("\c[%TCF1]\n\s[%TCF2]\z[%TCF3]\n");
03/18 17:00:40.564 >   PRG: ID=1002, $PRT("\nTipo:   [%CTLN]\n"); %CCF16==0:+1; $PRT("Cierre: AUTO CADA [%CCF16] hs\n");
03/18 17:00:40.564 >   PRG: ID=1003, $PRT("\nNro. Term|Cod. Comercio");
03/18 17:00:40.564 >   PRG: ID=1004, N1=1;
03/18 17:00:40.564 >   PRG: ID=1005, N2=N1+3;
03/18 17:00:40.564 >   PRG: ID=1006, #BID=N1;
03/18 17:00:40.564 >   PRG: ID=1007, A1=%CCF[#BID]
03/18 17:00:40.564 >   PRG: ID=1008, $PRT("\n[A1]");
03/18 17:00:40.564 >   PRG: ID=1009, A1=%TCF[N2];
03/18 17:00:40.564 >   PRG: ID=1010, $PRT("[A1]"); N1<>5:+1; $PRT(" Dolares [%TCF19]");
03/18 17:00:40.564 >   PRG: ID=1011, N1=N1+1; N1>12:1012; :1005;
03/18 17:00:40.564 >   PRG: ID=1012, $PRT("\n\n\n\n"); :0;
03/18 17:00:40.564 > RSP: 59803000 Program ID=1 Ver=228 Blk=39 (641)
03/18 17:00:40.950 > REQ: 59803000 SetupACK, Program block 39 
03/18 17:00:40.950 >   PRG: ID=1020, N1=1; N4=1;
03/18 17:00:40.950 >   PRG: ID=1021, N2=N1+3;
03/18 17:00:40.950 >   PRG: ID=1022, A2=%TCF[N2]; $FPF(A2,1); A3=%FPFV; $FPF(A2,2); A4=%FPFV;
03/18 17:00:40.950 >   PRG: ID=1023, A1=%CCF[N1]; N1<>14:+1; A1="SISTEMA";
03/18 17:00:40.950 >   PRG: ID=1024, A5="[%DAT0]\z[%TIM0]\n\h\c[A1]\n\h\c[%TCF1]\n\s[%TCF2]\z[%TCF3]\n\sCOMERCIO:[A4]\n\sTERM:[A3]\n";
03/18 17:00:40.950 >   PRG: ID=1025, %ITO=1; $INK(" CERRANDO...","\n  [A1]"); %ITO=60; $BAT(N1); %ONLE==0:+2;
03/18 17:00:40.950 >   PRG: ID=1026, %ONLE<>"-1"?$PRT("[%DAT0]\z[%TIM0]\n\n\h\cLOTE [A1]\nNo pudo cerrarse:\n[%AEXT]\nError: [%ONLE]\n\n\n- - - - - -  - - - - - -\n"); :+3;
03/18 17:00:40.950 >   PRG: ID=1027, A3="\n- - - - - -  - - - - - -\n"; %CSRV<>2:+1; A3="\n Batch Upload generado\n- - - - - -  - - - - - -\n";
03/18 17:00:40.951 > RSP: 59803000 Program ID=1 Ver=228 Blk=40 (612)
03/18 17:00:41.306 > REQ: 59803000 SetupACK, Program block 40 
03/18 17:00:41.306 >   PRG: ID=1028, N1==3:2000; $EXT("Report","F=P","B=[N1]","N=[%BTNR]","R=1","H=[A5]","T=[A3]");
03/18 17:00:41.306 >   PRG: ID=1029, N1=N1+1;
03/18 17:00:41.306 >   PRG: ID=1030, N1==13:1029; N1>14:+1; :1021;
03/18 17:00:41.306 >   PRG: ID=1031, $PRT("\h\cFIN CERRAR TODAS\n\n\n\n\n"); :1;
03/18 17:00:41.306 >   PRG: ID=1035, %CCF16==0:0; $CVT(4,%TIM); N98=%CVT;
03/18 17:00:41.306 >   PRG: ID=1036, N97<2:+1; N97=N97-1; :0;
03/18 17:00:41.306 >   PRG: ID=1037, N97=%CCF16; N97=N97*60; :1040;
03/18 17:00:41.306 >   PRG: ID=1040, N1=1;
03/18 17:00:41.306 >   PRG: ID=1041, N2=N1+3;
03/18 17:00:41.306 >   PRG: ID=1042, A2=%TCF[N2]; $FPF(A2,1); A3=%FPFV; $FPF(A2,2); A4=%FPFV;
03/18 17:00:41.306 >   PRG: ID=1043, A1=%CCF[N1]; N1<>14:+1; A1="SISTEMA";
03/18 17:00:41.306 >   PRG: ID=1044, :+1;
03/18 17:00:41.306 >   PRG: ID=1045, %ITO=0; $INK(" CERRANDO...","\n  [A1]"); %ITO=60; $BAT(N1); %ONLE==0:+2;
03/18 17:00:41.306 > RSP: 59803000 Program ID=1 Ver=228 Blk=41 (565)
03/18 17:00:41.853 > REQ: 59803000 SetupACK, Program block 41 
03/18 17:00:41.853 >   PRG: ID=1046, %ONLE<>"-1"?$PRT("[%DAT0]\z[%TIM0]\n\n\h\cLOTE [A1]\nNo pudo cerrarse:\n[%AEXT]\nError: [%ONLE]\n\n\n- - - - - -  - - - - - -\n"); :+3;
03/18 17:00:41.853 >   PRG: ID=1047, A3="\n- - - - - -  - - - - - -\n"; %CSRV<>2:+1; A3="\n Batch Upload generado\n- - - - - -  - - - - - -\n";
03/18 17:00:41.853 >   PRG: ID=1048, :+1;
03/18 17:00:41.853 >   PRG: ID=1049, N1=N1+1;
03/18 17:00:41.853 >   PRG: ID=1050, N1==13:1049; N1>14:+1; :1041;
03/18 17:00:41.853 >   PRG: ID=1051, :0;
03/18 17:00:41.853 >   PRG: ID=1098, #BID<>3:+2; #CF19="OCA"; #BIN=="542991":+1; #BIN=="589892":+1; #BIN=="589107":+1; #CF19="MASTERCARD";
03/18 17:00:41.853 >   PRG: ID=1099, N9<>3:+1; :190;
03/18 17:00:41.853 >   PRG: ID=1100, %CCF23==2:+1; :1105;
03/18 17:00:41.853 >   PRG: ID=1101, #BID==1:+1; $MNU("PLANES",1|"NAFTA",1|"COMUN",0):0; #CF12=%NMNU; :+2;
03/18 17:00:41.853 > RSP: 59803000 Program ID=1 Ver=228 Blk=42 (598)
03/18 17:00:42.372 > REQ: 59803000 SetupACK, Program block 42 
03/18 17:00:42.372 >   PRG: ID=1102, $MNU("PLANES",1|"NAFTA",1|"COMUN",2):0; #CF12=%NMNU; #CF21=%NMNU;
03/18 17:00:42.372 >   PRG: ID=1103, #CF13==0:+1; #CF12<>1?#CF13=6;
03/18 17:00:42.372 >   PRG: ID=1104, #CF13==6:164; #BID<>3:164; #BIN=="589107"?#CF25="18910"; :164;
03/18 17:00:42.372 >   PRG: ID=1105, %CCF24==2:+1; :1109;
03/18 17:00:42.372 >   PRG: ID=1106, #BID==1:+1; $MNU("PLANES",1|"NAFTA",1|"COMUN",0):0; #CF12=%NMNU; :+2;
03/18 17:00:42.372 >   PRG: ID=1107, $MNU("PLANES",1|"NAFTA",1|"COMUN",2):0; #CF12=%NMNU; #CF21=%NMNU;
03/18 17:00:42.372 >   PRG: ID=1108, :164;
03/18 17:00:42.372 >   PRG: ID=1109, #BID<>3:+2; %CCF24==3:+1; $MNU("PLANES",1|"NORMAL",0|"ESPECIAL",2):0; #CF12=%NMNU; :+3;
03/18 17:00:42.372 >   PRG: ID=1110, $MNU("PLANES",1|"GAS",1|"ACCESORIOS",0):0; #CF12=%NMNU; :+2;
03/18 17:00:42.372 >   PRG: ID=1111, %CCF24<>1:+1; $INN(N24,"[A9]","\nIngrese Plan:"):0; #CF12=N24;
03/18 17:00:42.372 >   PRG: ID=1112, :164;
03/18 17:00:42.372 > RSP: 59803000 Program ID=1 Ver=228 Blk=43 (647)
03/18 17:00:42.970 > REQ: 59803000 SetupACK, Program block 43 
03/18 17:00:42.970 >   PRG: ID=1120, $MNU("TRANSACCION",0|"MINORISTA",1|"MAYORISTA",2):0; N29=%NMNU; N29==1:121;
03/18 17:00:42.970 >   PRG: ID=1121, $FLR():97;
03/18 17:00:42.970 >   PRG: ID=1122, A11="TORNOMETAL|48|0000"; F11=A11;
03/18 17:00:42.970 >   PRG: ID=1123, A11="HELIAR|00|0000"; F12=A11;
03/18 17:00:42.970 >   PRG: ID=1124, A11="GOLDFARB|13|0000"; F13=A11;
03/18 17:00:42.970 >   PRG: ID=1125, A11="PAMPIN|14|0000"; F14=A11;
03/18 17:00:42.970 >   PRG: ID=1126, A11="FIVISA|23|0000"; F15=A11;
03/18 17:00:42.970 >   PRG: ID=1127, A11="MAYOPOR|00|0000"; F16=A11;
03/18 17:00:42.970 >   PRG: ID=1128, $FLW():98; :1190;
03/18 17:00:42.970 >   PRG: ID=1190, $FLR():97;
03/18 17:00:42.970 >   PRG: ID=1191, A12=%TCF20; A31=""; A32=""; A33=""; A34=""; A35=""; A61=""; N31=0;N32=0;N33=0;N34=0;N35=0;
03/18 17:00:42.970 > RSP: 59803000 Program ID=1 Ver=228 Blk=44 (506)
03/18 17:00:43.341 > REQ: 59803000 SetupACK, Program block 44 
03/18 17:00:43.341 >   PRG: ID=1192, $FPF(A12,1); N31=%FPFV; N31=N31+10; $FPF(A12,2); N32=%FPFV; N32=N32+10; $FPF(A12,3); N33=%FPFV; N33=N33+10; $FPF(A12,4); N34=%FPFV; N34=N34+10; $FPF(A12,5); N35=%FPFV;N35=N35+10;
03/18 17:00:43.341 >   PRG: ID=1193, N31==10:1198; A30=F[N31]; $FPF(A30,1); A31=%FPFV;
03/18 17:00:43.341 >   PRG: ID=1194, N32==10:1199; A30=F[N32]; $FPF(A30,1); A32=%FPFV;
03/18 17:00:43.341 >   PRG: ID=1195, N33==10:1200; A30=F[N33]; $FPF(A30,1); A33=%FPFV;
03/18 17:00:43.341 >   PRG: ID=1196, N34==10:1201; A30=F[N34]; $FPF(A30,1); A34=%FPFV;
03/18 17:00:43.341 >   PRG: ID=1197, N35==10:1202; A30=F[N35]; $FPF(A30,1); A35=%FPFV; :1210;
03/18 17:00:43.341 >   PRG: ID=1198, A31="NINGUNO"; N31=0; :1210;
03/18 17:00:43.341 >   PRG: ID=1199, A32="NINGUNO"; N32=0; :1210;
03/18 17:00:43.341 >   PRG: ID=1200, A33="NINGUNO"; N33=0; :1210;
03/18 17:00:43.341 >   PRG: ID=1201, A34="NINGUNO"; N34=0; :1210;
03/18 17:00:43.341 > RSP: 59803000 Program ID=1 Ver=228 Blk=45 (650)
03/18 17:00:43.907 > REQ: 59803000 SetupACK, Program block 45 
03/18 17:00:43.907 >   PRG: ID=1202, A35="NINGUNO"; N35=0; :1210;
03/18 17:00:43.907 >   PRG: ID=1210, :+1;
03/18 17:00:43.907 >   PRG: ID=1211, $MNU("MAYORISTA"|"[A31]",[N31]|"[A32]",[N32]|"[A33]",[N33]|"[A34]",[N34]|"[A35]",[N35]):0;
03/18 17:00:43.907 >   PRG: ID=1212, A61=%AMNU; N41=%NMNU;
03/18 17:00:43.907 >   PRG: ID=1213, N41==0:1217; :+4;
03/18 17:00:43.907 >   PRG: ID=1217, A30=F[N41];
03/18 17:00:43.907 >   PRG: ID=1218, #BID<>1:+1; $FPF(A30,2); #CF21=%FPFV; :1223;
03/18 17:00:43.907 >   PRG: ID=1219, #BID<>2:+1; $FPF(A30,3); #MID=%FPFV; :1223;
03/18 17:00:43.907 >   PRG: ID=1220, #BID<>3:+1; $FPF(A30,2); #CF21=%FPFV; :1223;
03/18 17:00:43.907 >   PRG: ID=1221, #BID<>5:+1; $FPF(A30,2); #CF21=%FPFV; :1223;
03/18 17:00:43.907 >   PRG: ID=1222, $BUZ(10); INK("ATENCION","No opera con\nMAYORISTA\n-Presione tecla-"); :0;
03/18 17:00:43.907 >   PRG: ID=1223, :121;
03/18 17:00:43.907 >   PRG: ID=1300, A13=#CF1; %PMSK=1;
03/18 17:00:43.907 >   PRG: ID=1301, #BID==2:+1; #BID<>14:813; A13="RESONET"; :813;
03/18 17:00:43.907 > RSP: 59803000 Program ID=1 Ver=228 Blk=46 (633)
03/18 17:00:44.516 > REQ: 59803000 SetupACK, Program block 46 
03/18 17:00:44.516 >   PRG: ID=1301, $CPY(#PAN,1,4); %CPY=="6011"?A13="DINERS";
03/18 17:00:44.516 >   PRG: ID=1302, $CPY(#PAN,1,2); %CPY=="30"?A13="DINERS"; %CPY=="36"?A13="DINERS"; %CPY=="38"?A13="DINERS"; %CPY=="64"?A13="DINERS"; %CPY=="65"?A13="DINERS";
03/18 17:00:44.516 >   PRG: ID=1303, $CPY(#PAN,1,5); %CPY=="50108"?A13="LIDER"; %CPY=="50109"?A13="LIDER"; %CPY=="50110"?A13="LIDER"; %CPY=="50586"?A13="LIDER"; %CPY=="50587"?A13="LIDER";
03/18 17:00:44.516 >   PRG: ID=1304, $CPY(#PAN,1,6); %CPY=="606072"?A13="SODEXO"; %CPY=="505864"?A13="SODEXO"; %CPY=="505865"?A13="SODEXO";
03/18 17:00:44.516 >   PRG: ID=1305, #CRT<>2:+1; A13=="SODEXO":+1; A13="MAESTRO";
03/18 17:00:44.516 >   PRG: ID=1306, :813;
03/18 17:00:44.516 >   PRG: ID=1700, :0;
03/18 17:00:44.516 >   PRG: ID=1701, :0;
03/18 17:00:44.516 >   PRG: ID=1796, A1="Preautorización"; %CTXN=0; A10="";  :+5;
03/18 17:00:44.516 > RSP: 59803000 Program ID=1 Ver=228 Blk=47 (632)
03/18 17:00:45.124 > REQ: 59803000 SetupACK, Program block 47 
03/18 17:00:45.124 >   PRG: ID=1797, A9="Venta c/adelanto"; %CTXN=0; A10=""; :+4;
03/18 17:00:45.124 >   PRG: ID=1798, A9="Venta"; %CTXN=0; A10=""; :+3;
03/18 17:00:45.124 >   PRG: ID=1799, A1="DEVOLUCION"; A9="Devolución"; %CTXN=20; A10=""; :+2;
03/18 17:00:45.124 >   PRG: ID=1800, N9=1; A9="Venta"; %CTXN=0; A10="";
03/18 17:00:45.124 >   PRG: ID=1801, M1=0; $INM(M1,"[A9]","Ingrese monto operación:"):0; M1==0:+0;
03/18 17:00:45.124 >   PRG: ID=1802, %CCUR=858; %CSYM="$"; A2="Pesos"; %SATT=0; %CCF21==0:+2;
03/18 17:00:45.124 >   PRG: ID=1803, $MNU("SELECCIONE MONEDA",1|"Pesos",858|"Dólares",840):0; %NMNU<>840:+1; A2="Dólares"; %CCUR=840; %CSYM="U$S"; %SATT=1;
03/18 17:00:45.124 >   PRG: ID=1804, :+1;
03/18 17:00:45.124 >   PRG: ID=1805, %CCMT=0; %CAMT=M1; %INCP=""; %INCE="";
03/18 17:00:45.124 >   PRG: ID=1806, $INC(56,"Inserte, pase o","acerque tarjeta"):0;
03/18 17:00:45.124 >   PRG: ID=1807, %PEM<>3:110; %EMVT=1; $EMV(); :0;
03/18 17:00:45.124 > RSP: 59803000 Program ID=1 Ver=228 Blk=48 (641)
03/18 17:00:45.691 > REQ: 59803000 SetupACK, Program block 48 
03/18 17:00:45.691 >   PRG: ID=1900, %DBG>0?$INK("CLESS ENTRYPOINT","%CTLS:[%CTLS]");
03/18 17:00:45.691 >   PRG: ID=1901, %CTLS<>1:+1; N9==3:1921; :110;
03/18 17:00:45.691 >   PRG: ID=1902, %CTLS<>2:+1; N9==3:1921; :110;
03/18 17:00:45.691 >   PRG: ID=1903, %CTLS<>3:+1; N9==4:110; N9==3:110; :0;
03/18 17:00:45.691 >   PRG: ID=1904, %CTLS<>4:+1; :0;
03/18 17:00:45.691 >   PRG: ID=1905, %CTLS<>5:+1; N9==3:1921; :110;
03/18 17:00:45.691 >   PRG: ID=1906, %CTLS<>6:+1; N9==3:1921; :110;
03/18 17:00:45.691 >   PRG: ID=1907, $INK("ATENCION", " Presione OK\n y reiniciar\n transacción"); :0;
03/18 17:00:45.691 >   PRG: ID=1908, :0;
03/18 17:00:45.691 >   PRG: ID=1910, N8=1911; N7=9; :80;
03/18 17:00:45.691 >   PRG: ID=1911, #BID=N1;
03/18 17:00:45.691 >   PRG: ID=1912, N1=0; N2=#BID; $CBN(N2); #BAT=%CBN; $INN(N1,"ANULACION","Ingrese número\nticket original:"):0; #CF10=N1;
03/18 17:00:45.691 > RSP: 59803000 Program ID=1 Ver=228 Blk=49 (547)
03/18 17:00:46.072 > REQ: 59803000 SetupACK, Program block 49 
03/18 17:00:46.072 >   PRG: ID=1913, $FTL(#BID,#BAT,0,N1,"8|11|20|21|24"):1916; @APV<1:1915; @FLM>0:1915; #TRT=2; @TRT==0:+1; #TRT=22; @TRT==20:+1; #TRT=21; @TRT==9:+1; #TRT=14; @TRT<>1:133;
03/18 17:00:46.072 >   PRG: ID=1914, @CMP==8:1917; @CMP==11:1917; @CMP==20:1917; @CMP==21:1917; @CMP==24:1917;
03/18 17:00:46.072 >   PRG: ID=1915, $INK("ANULACION", "No es posible\nanular #[N1]\n"):0; :9;
03/18 17:00:46.072 >   PRG: ID=1916, %LERR<0:33; $INK("ANULACION", "Ticket #[N1]\n no encontrado"):0; :0;
03/18 17:00:46.072 >   PRG: ID=1917, %CCUR=858; A2="$"; %CSYM="$"; %SATT=0; @CUR==858:+1; %CCUR=840; A2="U$S"; %CSYM="U$S"; %SATT=1;
03/18 17:00:46.072 >   PRG: ID=1918, $INK("ANULACION", "Total:\n[A2] [@AMT]\n\n   Confirmar?"):0;
03/18 17:00:46.072 >   PRG: ID=1919, M1=@AMT; %CCMT=0; %CAMT=M1; %CTXN=20; :1805;
03/18 17:00:46.072 > RSP: 59803000 Program ID=1 Ver=228 Blk=50 (631)
03/18 17:00:46.634 > REQ: 59803000 SetupACK, Program block 50 
03/18 17:00:46.634 >   PRG: ID=1921, $TRB():36; $BIN(:34):0; #BID=#BC2; N1=#BID; $CBN(N1);  %CBS>0:38; N2=N1+3; N28=N1+3; N10=0; #BID<>5:+1; N2=8;
03/18 17:00:46.634 >   PRG: ID=1922, A1=%TCF[N2]; $FPF(A1,1); #TID=%FPFV; $FPF(A1,2); #MID=%FPFV; #MID=="0":34; #ACT=0; #ATH=A10; #CF25="0"; #BID<>12?#CF25="19210";
03/18 17:00:46.634 >   PRG: ID=1923, A1="???"; #BID<=12?A1=%CCF[#BID]; #PEM<>4:+1; #BID==3:+1; %CATR<2:+1; %CATR>3:+1; :39;
03/18 17:00:46.634 >   PRG: ID=1924, #CF1=A1; #PEM==3:+1; #PEM==5:+1; #CRT=#BC1; #BC1<>0:+3; #CRT=1; #PEM==1:104; %SVC3==1:+3; #CRT=2; :+3;
03/18 17:00:46.634 >   PRG: ID=1925, :+1;
03/18 17:00:46.634 >   PRG: ID=1926, :+1;
03/18 17:00:46.634 >   PRG: ID=1927, #PEM>4:+2; #BC4.3==0:+2; #CRT==2:+2; A14=""; N9==2:+2; N2=0; %INNL=3; $INN(N2,"[A9]","Ingrese código\nCVV de tarjeta:"):0; %CVV2=N2; %INNL=8;
03/18 17:00:46.634 > RSP: 59803000 Program ID=1 Ver=228 Blk=51 (654)
03/18 17:00:47.166 > REQ: 59803000 SetupACK, Program block 51 
03/18 17:00:47.166 >   PRG: ID=1928, N2>99:+1; %CVV2="0[N2]"; N2>9:+1; %CVV2="00[N2]";
03/18 17:00:47.166 >   PRG: ID=1929, #BC4.4==1?$EXP(:108):33; N9==6:170; N12=2+#BC3.1; %EPNT<2:+1; %EPNT>3:+1; #BID==10:+1; %SVC1==2:99; %SVC1==6:99;
03/18 17:00:47.166 >   PRG: ID=1930, #BC3.1==0:+1; #PEM<>2:+1; #CRT==2:+1; $PVF(#BC3.1,"VALIDAR TARJETA","Ingrese los [N12]\núltimos dígitos:"):150;
03/18 17:00:47.166 >   PRG: ID=1931, A1="ANULACION"; N2=#BID; $CBN(N2); #BAT=%CBN;
03/18 17:00:47.166 >   PRG: ID=1932, #TRT=2; @TRT==0:+1; #TRT=22; @TRT==20:+1; #TRT=21; @TRT==9:+1; #TRT=14; @TRT<>1:+2;
03/18 17:00:47.166 >   PRG: ID=1933, A22=@PAN; A23=#PAN; A22<>A23:1936; @CMP==8:1937; @CMP==11:1937; @CMP==20:1937; @CMP==21:1937; @CMP==24:1937;
03/18 17:00:47.166 >   PRG: ID=1934, $INK("ANULACION", "No es posible\nanular #[N1]\n"):0; :9;
03/18 17:00:47.166 > RSP: 59803000 Program ID=1 Ver=228 Blk=52 (646)
03/18 17:00:47.744 > REQ: 59803000 SetupACK, Program block 52 
03/18 17:00:47.744 >   PRG: ID=1935, %LERR<0:33; $INK("ANULACION", "Ticket #[N1]\n no encontrado"):0; :9;
03/18 17:00:47.744 >   PRG: ID=1936, $INK("ANULACION", "Ticket #[@RCN]\ncon tarjeta\ndiferente"):0; :0;
03/18 17:00:47.744 >   PRG: ID=1937, A2="$"; @CUR==858:+1; A2="U$S"; #BID<>5:+1; @CUR<>840:+1; #MID=%TCF19;
03/18 17:00:47.744 >   PRG: ID=1938, #PNX=%TNDX; #BID<>5:+1; @CUR<>840:+1; #MID=%TCF19;
03/18 17:00:47.744 >   PRG: ID=1939, #AMT=@AMT;#AMW=@AMW;#AMC=@AMC;#AM1=@AM1;#AM2=@AM2;#REF=@REF;#CUR=@CUR;#PRD=@DAT;#PRT=@TIM;#CF11=@CF11;#ACT=@ACT;#CRT=@CRT;
03/18 17:00:47.744 >   PRG: ID=1940, #CF12=@CF12;#CF13=@CF13;#CF14=@CF14;#CF15=@CF15;#CF16=@CF16;#CF17=@CF17;#CF18=@CF18;A44=@CF21;#CF25=@CF25;$CPY(A44,15,2); #CF21=%CPYV; :1098;
03/18 17:00:47.759 > RSP: 59803000 Program ID=1 Ver=228 Blk=53 (589)
03/18 17:00:48.353 > REQ: 59803000 SetupACK, Program block 53 
03/18 17:00:48.353 >   PRG: ID=2000, $PRT("[A5]"); $EXT("Report","F=P","B=[N1]","G=OCA","N=[%BTNR]","R=1","H=TARJETAS OCA","T=[A3]");
03/18 17:00:48.353 >   PRG: ID=2001, $EXT("Report","F=P","B=[N1]","G=MASTERCARD","N=[%BTNR]","R=1","H=TARJETAS MASTERCARD","T=[A3]");
03/18 17:00:48.353 >   PRG: ID=2002, $EXT("Report","F=P","B=[N1]","N=[%BTNR]","R=1","H=\h\cTOTALES","T=[A3]");
03/18 17:00:48.353 >   PRG: ID=2003, N4<>1:50; N4=0; :1029;
03/18 17:00:48.353 > RSP: 59803000 Program ID=1 Ver=228 Blk=54 (341)
03/18 17:00:49.041 > REQ: 59803000 SetupACK, Program block 54 
03/18 17:00:49.041 > RSP: 59803000 Program ID=1 Ver=228 Blk=55 (18)
03/18 17:00:49.634 > REQ: 59803000 SetupACK, Program block 55 
